2023-10-01 20:23:56,746 [INFO] Activator:176 - 


2023-10-01 20:23:56,759 [INFO] Activator:177 - !SESSION log4j initialized
2023-10-01 20:24:04,098 [INFO] LogOutputStream:77 - [STDOUT_REDIRECT] 
2023-10-01 20:24:31,201 [ERROR] LogOutputStream:75 - [STDERR_REDIRECT] SLF4J: Failed to load class "org.slf4j.impl.StaticLoggerBinder".
2023-10-01 20:24:31,203 [ERROR] LogOutputStream:75 - [STDERR_REDIRECT] SLF4J: Defaulting to no-operation (NOP) logger implementation
2023-10-01 20:24:31,206 [ERROR] LogOutputStream:75 - [STDERR_REDIRECT] SLF4J: See http://www.slf4j.org/codes.html#StaticLoggerBinder for further details.
2023-10-01 21:07:29,288 [INFO] ApplicationProperties:184 - Using Application install path: C:\Users\Acer\Desktop\DHBK\HK5\VXL\STM32\STM32CubeIDE_1.12.1\STM32CubeIDE\plugins\com.st.stm32cube.common.mx_6.8.1.202304191431
2023-10-01 21:07:29,322 [INFO] DbMcusXml:78 - Set database path to: C:\Users\Acer\Desktop\DHBK\HK5\VXL\STM32\STM32CubeIDE_1.12.1\STM32CubeIDE\plugins\com.st.stm32cube.common.mx_6.8.1.202304191431\\db\/mcu/
2023-10-01 21:07:29,323 [INFO] ApiDb:274 - Set plugin database path to: C:\Users\Acer\Desktop\DHBK\HK5\VXL\STM32\STM32CubeIDE_1.12.1\STM32CubeIDE\plugins\com.st.stm32cube.common.mx_6.8.1.202304191431\\db\/plugins/boardmanager/
2023-10-01 21:07:29,324 [WARN] ApiDb:259 - Overriding images path with different value:  => C:\Users\Acer\Desktop\DHBK\HK5\VXL\STM32\STM32CubeIDE_1.12.1\STM32CubeIDE\plugins\com.st.stm32cube.common.mx_6.8.1.202304191431\\db\/plugins/mcufinder/images/
2023-10-01 21:07:29,352 [INFO] ApiDb:250 - Set database path to: C:\Users\Acer\.stmcufinder\plugins\mcufinder//mcu/
2023-10-01 21:07:29,355 [INFO] DbMcusAds:125 - Set database path to: C:\Users\Acer\.stmcufinder\plugins\mcufinder//mcu/
2023-10-01 21:07:29,369 [INFO] CrossReferenceDbSqlite:203 - Set database path to: C:\Users\Acer\.stmcufinder\plugins\mcufinder//mcu/cs/
2023-10-01 21:07:29,534 [INFO] RulesReader:64 - Compatibility file has been processed (293 Rules)
2023-10-01 21:07:29,657 [INFO] DbMcusXml:78 - Set database path to: C:\Users\Acer\Desktop\DHBK\HK5\VXL\STM32\STM32CubeIDE_1.12.1\STM32CubeIDE\plugins\com.st.stm32cube.common.mx_6.8.1.202304191431\\db\/mcu/
2023-10-01 21:07:29,657 [INFO] ApiDb:274 - Set plugin database path to: C:\Users\Acer\Desktop\DHBK\HK5\VXL\STM32\STM32CubeIDE_1.12.1\STM32CubeIDE\plugins\com.st.stm32cube.common.mx_6.8.1.202304191431\\db\/plugins/boardmanager/
2023-10-01 21:07:29,657 [INFO] ApiDb:261 - Set plugin images path to: C:\Users\Acer\Desktop\DHBK\HK5\VXL\STM32\STM32CubeIDE_1.12.1\STM32CubeIDE\plugins\com.st.stm32cube.common.mx_6.8.1.202304191431\\db\/plugins/mcufinder/images/
2023-10-01 21:07:29,658 [WARN] DbFile:41 - Overriding database path with different value: C:\Users\Acer\.stmcufinder\plugins\mcufinder/ => C:\Users\Acer\.stmcufinder\plugins\mcufinder
2023-10-01 21:07:29,658 [INFO] ApiDb:250 - Set database path to: C:\Users\Acer\.stmcufinder\plugins\mcufinder//mcu/
2023-10-01 21:07:29,658 [WARN] DbFile:41 - Overriding database path with different value: C:\Users\Acer\.stmcufinder\plugins\mcufinder/ => C:\Users\Acer\.stmcufinder\plugins\mcufinder
2023-10-01 21:07:29,658 [INFO] DbMcusAds:125 - Set database path to: C:\Users\Acer\.stmcufinder\plugins\mcufinder//mcu/
2023-10-01 21:07:29,658 [WARN] DbFile:41 - Overriding database path with different value: C:\Users\Acer\.stmcufinder\plugins\mcufinder/ => C:\Users\Acer\.stmcufinder\plugins\mcufinder
2023-10-01 21:07:29,658 [WARN] DbFile:41 - Overriding database path with different value: C:\Users\Acer\.stmcufinder\plugins\mcufinder/ => C:\Users\Acer\.stmcufinder\plugins\mcufinder
2023-10-01 21:07:29,659 [INFO] CrossReferenceDbSqlite:203 - Set database path to: C:\Users\Acer\.stmcufinder\plugins\mcufinder//mcu/cs/
2023-10-01 21:07:29,776 [INFO] MainPanel:253 - HeapMemory: 492830720
2023-10-01 21:07:29,915 [INFO] DbMcusXml:78 - Set database path to: C:\Users\Acer\Desktop\DHBK\HK5\VXL\STM32\STM32CubeIDE_1.12.1\STM32CubeIDE\plugins\com.st.stm32cube.common.mx_6.8.1.202304191431\\db\/mcu/
2023-10-01 21:07:29,915 [INFO] ApiDb:274 - Set plugin database path to: C:\Users\Acer\Desktop\DHBK\HK5\VXL\STM32\STM32CubeIDE_1.12.1\STM32CubeIDE\plugins\com.st.stm32cube.common.mx_6.8.1.202304191431\\db\/plugins/boardmanager/
2023-10-01 21:07:29,915 [INFO] ApiDb:261 - Set plugin images path to: C:\Users\Acer\Desktop\DHBK\HK5\VXL\STM32\STM32CubeIDE_1.12.1\STM32CubeIDE\plugins\com.st.stm32cube.common.mx_6.8.1.202304191431\\db\/plugins/mcufinder/images/
2023-10-01 21:07:29,916 [WARN] DbFile:41 - Overriding database path with different value: C:\Users\Acer\.stmcufinder\plugins\mcufinder/ => C:\Users\Acer\.stmcufinder\plugins\mcufinder
2023-10-01 21:07:29,916 [INFO] ApiDb:250 - Set database path to: C:\Users\Acer\.stmcufinder\plugins\mcufinder//mcu/
2023-10-01 21:07:29,917 [WARN] DbFile:41 - Overriding database path with different value: C:\Users\Acer\.stmcufinder\plugins\mcufinder/ => C:\Users\Acer\.stmcufinder\plugins\mcufinder
2023-10-01 21:07:29,917 [INFO] DbMcusAds:125 - Set database path to: C:\Users\Acer\.stmcufinder\plugins\mcufinder//mcu/
2023-10-01 21:07:29,917 [WARN] DbFile:41 - Overriding database path with different value: C:\Users\Acer\.stmcufinder\plugins\mcufinder/ => C:\Users\Acer\.stmcufinder\plugins\mcufinder
2023-10-01 21:07:29,917 [WARN] DbFile:41 - Overriding database path with different value: C:\Users\Acer\.stmcufinder\plugins\mcufinder/ => C:\Users\Acer\.stmcufinder\plugins\mcufinder
2023-10-01 21:07:29,917 [INFO] CrossReferenceDbSqlite:203 - Set database path to: C:\Users\Acer\.stmcufinder\plugins\mcufinder//mcu/cs/
2023-10-01 21:07:29,941 [INFO] ApplicationProperties:184 - Using Application install path: C:\Users\Acer\Desktop\DHBK\HK5\VXL\STM32\STM32CubeIDE_1.12.1\STM32CubeIDE\plugins\com.st.stm32cube.common.mx_6.8.1.202304191431
2023-10-01 21:07:29,943 [INFO] PluginManage:196 - Search for loadable plugins [exclusion list=, ]
2023-10-01 21:07:29,946 [INFO] PluginManage:310 - Check plugin analytics
2023-10-01 21:07:35,244 [INFO] AnalyticsPlugin:253 - Accepted Software Licenses: 
2023-10-01 21:07:35,248 [INFO] AnalyticsPlugin:255 - Accepted CMSIS Pack Licenses: 
2023-10-01 21:07:35,253 [INFO] AnalyticsPlugin:257 - Accepted Firmware Licenses: 
2023-10-01 21:07:35,308 [INFO] PluginManage:359 - Loaded plugin analytics (category:tool,tabindex:-1)
2023-10-01 21:07:35,313 [INFO] PluginManage:310 - Check plugin cadmodel
2023-10-01 21:07:35,377 [INFO] CADModel:105 - Init CAD model plugin
2023-10-01 21:07:35,379 [INFO] PluginManage:359 - Loaded plugin cadmodel (category:power,tabindex:5)
2023-10-01 21:07:35,379 [INFO] PluginManage:310 - Check plugin clock
2023-10-01 21:07:35,419 [INFO] PluginManage:359 - Loaded plugin clock (category:base,tabindex:2)
2023-10-01 21:07:35,419 [INFO] PluginManage:310 - Check plugin ddr
2023-10-01 21:07:35,425 [INFO] PluginManage:359 - Loaded plugin ddr (category:tool,tabindex:6)
2023-10-01 21:07:35,425 [INFO] PluginManage:310 - Check plugin filemanager
2023-10-01 21:07:35,717 [INFO] PluginManage:359 - Loaded plugin filemanager (category:base,tabindex:10)
2023-10-01 21:07:35,717 [INFO] PluginManage:310 - Check plugin ipmanager
2023-10-01 21:07:35,733 [INFO] PluginManage:359 - Loaded plugin ipmanager (category:base,tabindex:5)
2023-10-01 21:07:35,734 [INFO] PluginManage:310 - Check plugin lpbam
2023-10-01 21:07:35,768 [INFO] PluginManage:359 - Loaded plugin lpbam (category:base,tabindex:0)
2023-10-01 21:07:35,768 [INFO] PluginManage:310 - Check plugin pinoutandconfiguration
2023-10-01 21:07:35,802 [INFO] PluginManage:359 - Loaded plugin pinoutandconfiguration (category:base,tabindex:1)
2023-10-01 21:07:35,802 [INFO] PluginManage:310 - Check plugin pinoutconfig
2023-10-01 21:07:35,940 [WARN] SupportedApi:132 - Cannot load RTOS API schema: s4s-elt-must-match.1: The content of 'definitions' must match (annotation?, (simpleType | complexType)?, (unique | key | keyref)*)). A problem was found starting at: attribute.
2023-10-01 21:07:36,244 [INFO] PluginManage:359 - Loaded plugin pinoutconfig (category:base,tabindex:0)
2023-10-01 21:07:36,244 [INFO] PluginManage:310 - Check plugin power
2023-10-01 21:07:36,280 [INFO] PluginManage:359 - Loaded plugin power (category:power,tabindex:4)
2023-10-01 21:07:36,280 [INFO] PluginManage:310 - Check plugin projectmanager
2023-10-01 21:07:36,348 [INFO] PluginManage:359 - Loaded plugin projectmanager (category:projectmanager,tabindex:3)
2023-10-01 21:07:36,348 [INFO] PluginManage:310 - Check plugin thirdparty
2023-10-01 21:07:36,740 [INFO] PluginManage:359 - Loaded plugin thirdparty (category:base,tabindex:-1)
2023-10-01 21:07:36,739 [WARN] IntegrityCheckThread:84 - waiting for thirdparty lock release [integrity check]
2023-10-01 21:07:36,740 [INFO] PluginManage:310 - Check plugin tools
2023-10-01 21:07:36,740 [INFO] IntegrityCheckThread:86 - entering critical section [integrity check]
2023-10-01 21:07:36,744 [INFO] ThirdPartyUpdaterWithRetryManager:70 - Updater plugin not ready yet. [1/15]
2023-10-01 21:07:36,794 [INFO] PluginManage:359 - Loaded plugin tools (category:base,tabindex:7)
2023-10-01 21:07:36,795 [INFO] PluginManage:310 - Check plugin tutovideos
2023-10-01 21:07:37,087 [INFO] PluginManage:359 - Loaded plugin tutovideos (category:base,tabindex:-1)
2023-10-01 21:07:37,087 [INFO] PluginManage:310 - Check plugin updater
2023-10-01 21:07:37,113 [INFO] PluginManage:359 - Loaded plugin updater (category:base,tabindex:12)
2023-10-01 21:07:37,114 [INFO] PluginManage:283 - PluginManage : Loaded plugins [15]
2023-10-01 21:07:37,577 [INFO] PinOutPanel:1499 - setPackage(No Configuration,No Configuration)
2023-10-01 21:07:37,690 [INFO] CADModel:165 - CPN selected for project level
2023-10-01 21:07:37,690 [INFO] CADModel:114 - Register for checkConnection events
2023-10-01 21:07:37,723 [INFO] IPUIPlugin:80 - create IPUIPlugin
2023-10-01 21:07:37,723 [INFO] PluginManager:220 - loadIPPluginJar : add adc
2023-10-01 21:07:37,760 [INFO] IPUIPlugin:80 - create IPUIPlugin
2023-10-01 21:07:37,760 [INFO] PluginManager:220 - loadIPPluginJar : add aes
2023-10-01 21:07:37,808 [INFO] IPUIPlugin:80 - create IPUIPlugin
2023-10-01 21:07:37,808 [INFO] PluginManager:220 - loadIPPluginJar : add can
2023-10-01 21:07:37,843 [INFO] IPUIPlugin:80 - create IPUIPlugin
2023-10-01 21:07:37,843 [INFO] PluginManager:220 - loadIPPluginJar : add comp
2023-10-01 21:07:37,883 [INFO] IPUIPlugin:80 - create IPUIPlugin
2023-10-01 21:07:37,883 [INFO] PluginManager:220 - loadIPPluginJar : add cryp
2023-10-01 21:07:37,913 [INFO] IPUIPlugin:80 - create IPUIPlugin
2023-10-01 21:07:37,913 [INFO] PluginManager:220 - loadIPPluginJar : add dfsdm
2023-10-01 21:07:37,929 [INFO] IPUIPlugin:80 - create IPUIPlugin
2023-10-01 21:07:37,930 [INFO] PluginManager:220 - loadIPPluginJar : add dma
2023-10-01 21:07:37,974 [INFO] IPUIPlugin:80 - create IPUIPlugin
2023-10-01 21:07:37,975 [INFO] PluginManager:220 - loadIPPluginJar : add dma3
2023-10-01 21:07:37,997 [INFO] IPUIPlugin:80 - create IPUIPlugin
2023-10-01 21:07:37,997 [INFO] PluginManager:220 - loadIPPluginJar : add fatfs
2023-10-01 21:07:38,046 [INFO] IPUIPlugin:80 - create IPUIPlugin
2023-10-01 21:07:38,046 [INFO] PluginManager:220 - loadIPPluginJar : add fmc
2023-10-01 21:07:38,063 [INFO] IPUIPlugin:80 - create IPUIPlugin
2023-10-01 21:07:38,063 [INFO] PluginManager:220 - loadIPPluginJar : add freertos
2023-10-01 21:07:38,086 [INFO] IPUIPlugin:80 - create IPUIPlugin
2023-10-01 21:07:38,086 [INFO] PluginManager:220 - loadIPPluginJar : add genericplugin
2023-10-01 21:07:38,189 [INFO] IPUIPlugin:80 - create IPUIPlugin
2023-10-01 21:07:38,189 [INFO] PluginManager:220 - loadIPPluginJar : add gfxmmu
2023-10-01 21:07:38,336 [INFO] IPUIPlugin:80 - create IPUIPlugin
2023-10-01 21:07:38,336 [INFO] PluginManager:220 - loadIPPluginJar : add gic
2023-10-01 21:07:38,350 [INFO] IPUIPlugin:80 - create IPUIPlugin
2023-10-01 21:07:38,350 [INFO] PluginManager:220 - loadIPPluginJar : add gpio
2023-10-01 21:07:38,437 [INFO] IPUIPlugin:80 - create IPUIPlugin
2023-10-01 21:07:38,438 [INFO] PluginManager:220 - loadIPPluginJar : add gtzc
2023-10-01 21:07:38,467 [INFO] IPUIPlugin:80 - create IPUIPlugin
2023-10-01 21:07:38,467 [INFO] PluginManager:220 - loadIPPluginJar : add hash
2023-10-01 21:07:38,515 [INFO] IPUIPlugin:80 - create IPUIPlugin
2023-10-01 21:07:38,515 [INFO] PluginManager:220 - loadIPPluginJar : add i2c
2023-10-01 21:07:38,551 [INFO] IPUIPlugin:80 - create IPUIPlugin
2023-10-01 21:07:38,552 [INFO] PluginManager:220 - loadIPPluginJar : add i2s
2023-10-01 21:07:38,587 [INFO] IPUIPlugin:80 - create IPUIPlugin
2023-10-01 21:07:38,587 [INFO] PluginManager:220 - loadIPPluginJar : add i3c
2023-10-01 21:07:38,696 [INFO] IPUIPlugin:80 - create IPUIPlugin
2023-10-01 21:07:38,696 [INFO] PluginManager:220 - loadIPPluginJar : add ipddr
2023-10-01 21:07:38,788 [INFO] IPUIPlugin:80 - create IPUIPlugin
2023-10-01 21:07:38,788 [INFO] PluginManager:220 - loadIPPluginJar : add linkedlist
2023-10-01 21:07:38,821 [INFO] IPUIPlugin:80 - create IPUIPlugin
2023-10-01 21:07:38,821 [INFO] PluginManager:220 - loadIPPluginJar : add lorawan
2023-10-01 21:07:38,854 [INFO] IPUIPlugin:80 - create IPUIPlugin
2023-10-01 21:07:38,854 [INFO] PluginManager:220 - loadIPPluginJar : add ltdc
2023-10-01 21:07:38,871 [INFO] IPUIPlugin:80 - create IPUIPlugin
2023-10-01 21:07:38,872 [INFO] PluginManager:220 - loadIPPluginJar : add mdma
2023-10-01 21:07:38,890 [INFO] IPUIPlugin:80 - create IPUIPlugin
2023-10-01 21:07:38,891 [INFO] PluginManager:220 - loadIPPluginJar : add nvic
2023-10-01 21:07:38,937 [INFO] IPUIPlugin:80 - create IPUIPlugin
2023-10-01 21:07:38,938 [INFO] PluginManager:220 - loadIPPluginJar : add opamp
2023-10-01 21:07:38,997 [INFO] IPUIPlugin:80 - create IPUIPlugin
2023-10-01 21:07:38,998 [INFO] PluginManager:220 - loadIPPluginJar : add openamp
2023-10-01 21:07:39,043 [INFO] IPUIPlugin:80 - create IPUIPlugin
2023-10-01 21:07:39,043 [INFO] PluginManager:220 - loadIPPluginJar : add pdm2pcm
2023-10-01 21:07:39,058 [INFO] IPUIPlugin:80 - create IPUIPlugin
2023-10-01 21:07:39,062 [INFO] PluginManager:220 - loadIPPluginJar : add plateformsettings
2023-10-01 21:07:39,084 [INFO] IPUIPlugin:80 - create IPUIPlugin
2023-10-01 21:07:39,084 [INFO] PluginManager:220 - loadIPPluginJar : add quadspi
2023-10-01 21:07:39,097 [INFO] IPUIPlugin:80 - create IPUIPlugin
2023-10-01 21:07:39,098 [INFO] PluginManager:220 - loadIPPluginJar : add resmgrutility
2023-10-01 21:07:39,143 [INFO] IPUIPlugin:80 - create IPUIPlugin
2023-10-01 21:07:39,143 [INFO] PluginManager:220 - loadIPPluginJar : add sai
2023-10-01 21:07:39,179 [INFO] IPUIPlugin:80 - create IPUIPlugin
2023-10-01 21:07:39,179 [INFO] PluginManager:220 - loadIPPluginJar : add spi
2023-10-01 21:07:39,232 [INFO] IPUIPlugin:80 - create IPUIPlugin
2023-10-01 21:07:39,232 [INFO] PluginManager:220 - loadIPPluginJar : add stm32_wpan
2023-10-01 21:07:39,254 [INFO] IPUIPlugin:80 - create IPUIPlugin
2023-10-01 21:07:39,254 [INFO] PluginManager:220 - loadIPPluginJar : add tim
2023-10-01 21:07:39,305 [INFO] IPUIPlugin:80 - create IPUIPlugin
2023-10-01 21:07:39,305 [INFO] PluginManager:220 - loadIPPluginJar : add touchsensing
2023-10-01 21:07:39,326 [INFO] IPUIPlugin:80 - create IPUIPlugin
2023-10-01 21:07:39,327 [INFO] PluginManager:220 - loadIPPluginJar : add tracer_emb
2023-10-01 21:07:39,347 [INFO] IPUIPlugin:80 - create IPUIPlugin
2023-10-01 21:07:39,347 [INFO] PluginManager:220 - loadIPPluginJar : add ts
2023-10-01 21:07:39,366 [INFO] IPUIPlugin:80 - create IPUIPlugin
2023-10-01 21:07:39,366 [INFO] PluginManager:220 - loadIPPluginJar : add tsc
2023-10-01 21:07:39,386 [INFO] IPUIPlugin:80 - create IPUIPlugin
2023-10-01 21:07:39,387 [INFO] PluginManager:220 - loadIPPluginJar : add ucpd
2023-10-01 21:07:39,426 [INFO] IPUIPlugin:80 - create IPUIPlugin
2023-10-01 21:07:39,426 [INFO] PluginManager:220 - loadIPPluginJar : add usart
2023-10-01 21:07:39,465 [INFO] IPUIPlugin:80 - create IPUIPlugin
2023-10-01 21:07:39,465 [INFO] PluginManager:220 - loadIPPluginJar : add usbx
2023-10-01 21:07:39,663 [INFO] CADModel:165 - CPN selected for project level
2023-10-01 21:07:39,663 [INFO] CADModel:114 - Register for checkConnection events
2023-10-01 21:07:39,663 [FATAL] Updater:308 - Updater called before beeing initialized
2023-10-01 21:07:39,663 [ERROR] CADModel:125 - Updater not yet initialized, retry later 
2023-10-01 21:07:39,745 [INFO] ThirdPartyUpdaterWithRetryManager:70 - Updater plugin not ready yet. [2/15]
2023-10-01 21:07:39,937 [INFO] CADModel:165 - CPN selected for project level
2023-10-01 21:07:39,937 [INFO] CADModel:114 - Register for checkConnection events
2023-10-01 21:07:39,938 [FATAL] Updater:308 - Updater called before beeing initialized
2023-10-01 21:07:39,938 [ERROR] CADModel:125 - Updater not yet initialized, retry later 
2023-10-01 21:07:39,945 [FATAL] Updater:308 - Updater called before beeing initialized
2023-10-01 21:07:40,154 [FATAL] Updater:308 - Updater called before beeing initialized
2023-10-01 21:07:40,174 [INFO] DbMcusAds:53 - JSON generation date=Tue Mar 07 15:50:55 ICT 2023 (1678179055114)
2023-10-01 21:07:40,175 [FATAL] Updater:308 - Updater called before beeing initialized
2023-10-01 21:07:40,224 [WARN] DetailPanel:346 - Failed to get advertising image, set to default
2023-10-01 21:07:40,363 [FATAL] Updater:308 - Updater called before beeing initialized
2023-10-01 21:07:40,366 [FATAL] Updater:308 - Updater called before beeing initialized
2023-10-01 21:07:40,367 [FATAL] Updater:308 - Updater called before beeing initialized
2023-10-01 21:07:40,367 [WARN] DetailPanel:346 - Failed to get advertising image, set to default
2023-10-01 21:07:40,405 [FATAL] Updater:308 - Updater called before beeing initialized
2023-10-01 21:07:40,494 [ERROR] Updater:1120 - MainUpdater not yet initialized. External WinMGr cannot be set.
2023-10-01 21:07:40,507 [INFO] Updater:1056 - Updater Version found : 6.8.1
2023-10-01 21:07:40,530 [INFO] ApplicationProperties:184 - Using Application install path: C:\Users\Acer\Desktop\DHBK\HK5\VXL\STM32\STM32CubeIDE_1.12.1\STM32CubeIDE\plugins\com.st.stm32cube.common.mx_6.8.1.202304191431
2023-10-01 21:07:40,757 [INFO] MainUpdater:2854 - connection check result : 10
2023-10-01 21:07:40,757 [INFO] MainUpdater:283 - Updater Check For Update Now.
2023-10-01 21:07:40,759 [INFO] MicroXplorer:498 - Change Database Version : DB.6.0.81
2023-10-01 21:07:40,952 [INFO] CheckServerUpdateThread:120 - End of CheckServer Thread
2023-10-01 21:07:40,987 [INFO] MainUpdater:2854 - connection check result : 10
2023-10-01 21:07:40,996 [INFO] MainUpdater:2854 - connection check result : 10
2023-10-01 21:07:41,246 [INFO] MicroXplorer:468 - Change Database Path : 
2023-10-01 21:07:41,246 [INFO] MicroXplorer:498 - Change Database Version : DB.6.0.81
2023-10-01 21:07:41,247 [WARN] ThirdParty:871 - waiting for thirdparty lock release [close project]
2023-10-01 21:07:42,992 [WARN] PackLoader:240 - Cannot read IP mode file for STMicroelectronics.X-CUBE-SMBUS.2.1.0
2023-10-01 21:07:43,037 [WARN] PackLoader:240 - Cannot read IP mode file for STMicroelectronics.X-CUBE-AZRTOS-F7.1.1.0
2023-10-01 21:07:43,063 [WARN] PackLoader:240 - Cannot read IP mode file for STMicroelectronics.FP-SNS-MOTENV1.4.3.2
2023-10-01 21:07:43,080 [ERROR] RealEvaluatedCondition:428 - Found unsupported composite condition: GROUP='STM32_MetaDataManager' CLASS='Data Exchange'
2023-10-01 21:07:43,081 [ERROR] RealEvaluatedCondition:428 - Found unsupported composite condition: GROUP='STM32_MetaDataManager' CLASS='Data Exchange'
2023-10-01 21:07:43,084 [WARN] PackLoader:240 - Cannot read IP mode file for STMicroelectronics.FP-SNS-MOTENV1.4.3.1
2023-10-01 21:07:43,106 [WARN] PackLoader:240 - Cannot read IP mode file for STMicroelectronics.FP-SNS-FLIGHT1.5.0.1
2023-10-01 21:07:43,129 [WARN] PackLoader:240 - Cannot read IP mode file for STMicroelectronics.X-CUBE-BLE1.6.2.4
2023-10-01 21:07:43,143 [WARN] PackLoader:240 - Cannot read IP mode file for STMicroelectronics.FP-SNS-FLIGHT1.5.0.2
2023-10-01 21:07:43,164 [WARN] PackLoader:240 - Cannot read IP mode file for STMicroelectronics.X-CUBE-DISPLAY.3.0.0
2023-10-01 21:07:43,188 [WARN] PackLoader:240 - Cannot read IP mode file for STMicroelectronics.X-CUBE-BLE1.7.0.0
2023-10-01 21:07:43,205 [WARN] PackLoader:240 - Cannot read IP mode file for STMicroelectronics.X-CUBE-TOUCHGFX.4.22.0
2023-10-01 21:07:43,235 [WARN] PackLoader:240 - Cannot read IP mode file for WES.I-CUBE-Cesium.1.3.0
2023-10-01 21:07:43,261 [WARN] PackLoader:240 - Cannot read IP mode file for STMicroelectronics.X-CUBE-BLE2.3.3.0
2023-10-01 21:07:43,308 [WARN] PackLoader:240 - Cannot read IP mode file for STMicroelectronics.X-CUBE-TOUCHGFX.4.21.4
2023-10-01 21:07:43,341 [WARN] PackLoader:240 - Cannot read IP mode file for STMicroelectronics.X-CUBE-ALGOBUILD.1.3.0
2023-10-01 21:07:43,415 [WARN] PackLoader:240 - Cannot read IP mode file for STMicroelectronics.X-CUBE-AZRTOS-G0.1.1.0
2023-10-01 21:07:43,514 [WARN] PackLoader:240 - Cannot read IP mode file for STMicroelectronics.X-CUBE-NFC4.3.0.0
2023-10-01 21:07:43,547 [WARN] PackLoader:240 - Cannot read IP mode file for STMicroelectronics.FP-ATR-SIGFOX1.3.2.0
2023-10-01 21:07:43,644 [WARN] PackLoader:240 - Cannot read IP mode file for SEGGER.I-CUBE-embOS.1.3.1
2023-10-01 21:07:44,044 [WARN] PackLoader:240 - Cannot read IP mode file for STMicroelectronics.X-CUBE-GNSS1.6.0.0
2023-10-01 21:07:44,217 [WARN] PackLoader:240 - Cannot read IP mode file for STMicroelectronics.X-CUBE-AZRTOS-F4.1.1.0
2023-10-01 21:07:44,273 [WARN] PackLoader:240 - Cannot read IP mode file for wolfSSL.I-CUBE-wolfSSL.5.6.0
2023-10-01 21:07:44,475 [WARN] PackLoader:240 - Cannot read IP mode file for STMicroelectronics.X-CUBE-AZRTOS-L5.2.0.0
2023-10-01 21:07:44,646 [WARN] PackLoader:240 - Cannot read IP mode file for STMicroelectronics.X-CUBE-MEMS1.9.6.0
2023-10-01 21:07:44,955 [WARN] PackLoader:240 - Cannot read IP mode file for emotas.I-CUBE-CANOPEN.1.1.3
2023-10-01 21:07:44,980 [WARN] PackLoader:240 - Cannot read IP mode file for STMicroelectronics.X-CUBE-BLEMGR.2.0.0
2023-10-01 21:07:45,058 [WARN] ConditionMgr:438 - getConditionDescription Invalid condition id : UX DEVICE CLASS RTOS Condition cause : null
2023-10-01 21:07:45,058 [WARN] ConditionMgr:438 - getConditionDescription Invalid condition id : UX DEVICE CLASS RTOS Condition cause : null
2023-10-01 21:07:45,067 [WARN] PackLoader:240 - Cannot read IP mode file for STMicroelectronics.X-CUBE-AZRTOS-H7.3.1.0
2023-10-01 21:07:45,072 [WARN] ConditionMgr:1039 - genDependencies : Invalid condition id : UX DEVICE CLASS RTOS Condition cause : null
2023-10-01 21:07:45,072 [WARN] ConditionMgr:1039 - genDependencies : Invalid condition id : UX DEVICE CLASS RTOS Condition cause : null
2023-10-01 21:07:45,073 [WARN] ConditionMgr:1039 - genDependencies : Invalid condition id : UX DEVICE CLASS RTOS Condition cause : null
2023-10-01 21:07:45,074 [WARN] ConditionMgr:1039 - genDependencies : Invalid condition id : UX DEVICE CLASS RTOS Condition cause : null
2023-10-01 21:07:45,074 [WARN] ConditionMgr:1039 - genDependencies : Invalid condition id : UX DEVICE CLASS RTOS Condition cause : null
2023-10-01 21:07:45,113 [WARN] PackLoader:240 - Cannot read IP mode file for STMicroelectronics.X-CUBE-NFC7.1.0.1
2023-10-01 21:07:45,134 [WARN] PackLoader:240 - Cannot read IP mode file for STMicroelectronics.X-CUBE-NFC7.1.0.0
2023-10-01 21:07:45,163 [WARN] PackLoader:240 - Cannot read IP mode file for STMicroelectronics.X-CUBE-EEPRMA1.4.1.0
2023-10-01 21:07:45,196 [WARN] PackLoader:240 - Cannot read IP mode file for STMicroelectronics.X-CUBE-AI.8.1.0
2023-10-01 21:07:45,270 [WARN] ConditionMgr:438 - getConditionDescription Invalid condition id : LAN8742 Phy interface Condition cause : null
2023-10-01 21:07:45,272 [WARN] PackLoader:240 - Cannot read IP mode file for STMicroelectronics.X-CUBE-AZRTOS-L4.2.0.0
2023-10-01 21:07:45,273 [WARN] ConditionMgr:1039 - genDependencies : Invalid condition id : LAN8742 Phy interface Condition cause : null
2023-10-01 21:07:45,274 [WARN] ConditionMgr:1039 - genDependencies : Invalid condition id : LAN8742 Phy interface Condition cause : null
2023-10-01 21:07:45,274 [WARN] ConditionMgr:1039 - genDependencies : Invalid condition id : LAN8742 Phy interface Condition cause : null
2023-10-01 21:07:45,307 [WARN] PackLoader:240 - Cannot read IP mode file for STMicroelectronics.X-CUBE-SFXS2LP1.4.0.0
2023-10-01 21:07:45,344 [WARN] PackLoader:240 - Cannot read IP mode file for STMicroelectronics.X-CUBE-ISPU.1.1.0
2023-10-01 21:07:45,393 [WARN] ConditionMgr:438 - getConditionDescription Invalid condition id : UX DEVICE CLASS RTOS Condition cause : null
2023-10-01 21:07:45,394 [WARN] ConditionMgr:438 - getConditionDescription Invalid condition id : UX DEVICE CLASS RTOS Condition cause : null
2023-10-01 21:07:45,399 [WARN] PackLoader:240 - Cannot read IP mode file for STMicroelectronics.X-CUBE-AZRTOS-WB.2.0.0
2023-10-01 21:07:45,400 [WARN] ConditionMgr:1039 - genDependencies : Invalid condition id : UX DEVICE CLASS RTOS Condition cause : null
2023-10-01 21:07:45,400 [WARN] ConditionMgr:1039 - genDependencies : Invalid condition id : UX DEVICE CLASS RTOS Condition cause : null
2023-10-01 21:07:45,402 [WARN] ConditionMgr:1039 - genDependencies : Invalid condition id : UX DEVICE CLASS RTOS Condition cause : null
2023-10-01 21:07:45,404 [WARN] ConditionMgr:1039 - genDependencies : Invalid condition id : UX DEVICE CLASS RTOS Condition cause : null
2023-10-01 21:07:45,404 [WARN] ConditionMgr:1039 - genDependencies : Invalid condition id : UX DEVICE CLASS RTOS Condition cause : null
2023-10-01 21:07:45,427 [WARN] PackLoader:240 - Cannot read IP mode file for STMicroelectronics.X-CUBE-FREERTOS.1.0.1
2023-10-01 21:07:45,501 [WARN] PackLoader:240 - Cannot read IP mode file for STMicroelectronics.X-CUBE-AZRTOS-L5.1.1.0
2023-10-01 21:07:45,539 [WARN] PackLoader:240 - Cannot read IP mode file for STMicroelectronics.X-CUBE-AI.8.0.1
2023-10-01 21:07:45,584 [WARN] PackLoader:240 - Cannot read IP mode file for STMicroelectronics.X-CUBE-SUBG2.5.0.0
2023-10-01 21:07:45,628 [WARN] PackLoader:240 - Cannot read IP mode file for STMicroelectronics.X-CUBE-TOF1.3.3.1
2023-10-01 21:07:45,704 [WARN] PackLoader:240 - Cannot read IP mode file for STMicroelectronics.X-CUBE-AZRTOS-G4.2.0.0
2023-10-01 21:07:45,867 [WARN] PackLoader:240 - Cannot read IP mode file for STMicroelectronics.X-CUBE-TOF1.3.3.0
2023-10-01 21:07:45,998 [WARN] PackLoader:240 - Cannot read IP mode file for STMicroelectronics.X-CUBE-FREERTOS.1.1.0
2023-10-01 21:07:46,226 [WARN] PackLoader:240 - Cannot read IP mode file for portGmbH.I-Cube-SoM-uGOAL.1.1.0
2023-10-01 21:07:46,250 [WARN] PackLoader:240 - Cannot read IP mode file for STMicroelectronics.X-CUBE-ALS.1.0.1
2023-10-01 21:07:46,287 [WARN] PackLoader:240 - Cannot read IP mode file for STMicroelectronics.X-CUBE-AZRTOS-WB.1.1.0
2023-10-01 21:07:46,312 [WARN] PackLoader:240 - Cannot read IP mode file for STMicroelectronics.FP-ATR-ASTRA1.2.0.0
2023-10-01 21:07:46,313 [INFO] ThirdParty:978 - Integrity check success = true
2023-10-01 21:07:46,314 [INFO] IntegrityCheckThread:100 - exiting critical section [integrity check]
2023-10-01 21:07:46,314 [INFO] IntegrityCheckThread:103 - End integrity checks thread
2023-10-01 21:07:46,319 [INFO] ThirdParty:873 - entering critical section [close project]
2023-10-01 21:07:46,322 [INFO] ThirdParty:883 - exiting critical section [close project]
2023-10-01 21:07:46,344 [INFO] PinOutPanel:1499 - setPackage(No Configuration,No Configuration)
2023-10-01 21:07:46,380 [INFO] UtilMem:75 - Begin LoadConfig() Used Memory: 484422504 Bytes (492830720)
2023-10-01 21:07:46,384 [INFO] MicroXplorer:468 - Change Database Path : 
2023-10-01 21:07:46,385 [INFO] MicroXplorer:498 - Change Database Version : DB.6.0.81
2023-10-01 21:07:46,385 [INFO] OpenFileManager:308 - Change cursor
2023-10-01 21:07:46,458 [INFO] Mcu:1937 - Initializing MCU STM32F103C(4-6)Tx STM32F103C6Tx STM32F103C6T6A
2023-10-01 21:07:48,051 [INFO] Context:659 - Trying to add GPIOservice into a context  which must be forbidden
2023-10-01 21:07:48,727 [INFO] RtosManager:555 - Registered RTOS mode: class=CMSIS, group=RTOS, mode=CMSIS_V1, owner=FREERTOS
2023-10-01 21:07:48,727 [INFO] RtosManager:555 - Registered RTOS mode: class=CMSIS, group=RTOS2, mode=CMSIS_V2, owner=FREERTOS
2023-10-01 21:07:48,727 [INFO] RtosManager:555 - Registered RTOS mode: class=RTOS, group=Core, mode=CMSIS_V1, owner=FREERTOS
2023-10-01 21:07:48,727 [INFO] RtosManager:555 - Registered RTOS mode: class=RTOS, group=Core, mode=CMSIS_V2, owner=FREERTOS
2023-10-01 21:07:48,729 [WARN] ModelIntegratedComponent:184 - Missing modes for component STMicroelectronics:FreeRTOS:0.0.1:STMicroelectronics:RTOS:FreeRTOS:Core:::10.2.0:
2023-10-01 21:07:48,747 [WARN] ModelIntegratedComponent:63 - No mode defined for component null
2023-10-01 21:07:48,747 [WARN] ModelIntegratedComponent:63 - No mode defined for component null
2023-10-01 21:07:48,748 [WARN] ModelIntegratedComponent:63 - No mode defined for component null
2023-10-01 21:07:48,748 [WARN] ModelIntegratedComponent:63 - No mode defined for component null
2023-10-01 21:07:48,748 [WARN] ModelIntegratedComponent:63 - No mode defined for component null
2023-10-01 21:07:48,748 [WARN] ModelIntegratedComponent:63 - No mode defined for component null
2023-10-01 21:07:48,748 [WARN] ModelIntegratedComponent:63 - No mode defined for component null
2023-10-01 21:07:48,748 [WARN] ModelIntegratedComponent:63 - No mode defined for component null
2023-10-01 21:07:48,748 [WARN] ModelIntegratedComponent:63 - No mode defined for component null
2023-10-01 21:07:48,748 [WARN] ModelIntegratedComponent:63 - No mode defined for component null
2023-10-01 21:07:48,749 [WARN] ModelIntegratedComponent:63 - No mode defined for component null
2023-10-01 21:07:48,749 [WARN] ModelIntegratedComponent:63 - No mode defined for component null
2023-10-01 21:07:48,749 [WARN] ModelIntegratedComponent:63 - No mode defined for component null
2023-10-01 21:07:48,749 [WARN] ModelIntegratedComponent:63 - No mode defined for component null
2023-10-01 21:07:48,749 [WARN] ModelIntegratedComponent:63 - No mode defined for component null
2023-10-01 21:07:48,749 [WARN] ModelIntegratedComponent:63 - No mode defined for component null
2023-10-01 21:07:48,749 [WARN] ModelIntegratedComponent:63 - No mode defined for component null
2023-10-01 21:07:48,749 [WARN] ModelIntegratedComponent:63 - No mode defined for component null
2023-10-01 21:07:48,749 [WARN] ModelIntegratedComponent:63 - No mode defined for component null
2023-10-01 21:07:48,750 [WARN] ModelIntegratedComponent:63 - No mode defined for component null
2023-10-01 21:07:48,750 [WARN] ModelIntegratedComponent:63 - No mode defined for component null
2023-10-01 21:07:48,750 [WARN] ModelIntegratedComponent:63 - No mode defined for component null
2023-10-01 21:07:48,750 [WARN] ModelIntegratedComponent:63 - No mode defined for component null
2023-10-01 21:07:48,750 [WARN] ModelIntegratedComponent:63 - No mode defined for component null
2023-10-01 21:07:48,750 [WARN] ModelIntegratedComponent:63 - No mode defined for component null
2023-10-01 21:07:48,750 [WARN] ModelIntegratedComponent:63 - No mode defined for component null
2023-10-01 21:07:48,750 [WARN] ModelIntegratedComponent:63 - No mode defined for component null
2023-10-01 21:07:48,750 [WARN] ModelIntegratedComponent:63 - No mode defined for component null
2023-10-01 21:07:48,750 [WARN] ModelIntegratedComponent:63 - No mode defined for component null
2023-10-01 21:07:48,751 [WARN] ModelIntegratedComponent:63 - No mode defined for component null
2023-10-01 21:07:48,751 [WARN] ModelIntegratedComponent:63 - No mode defined for component null
2023-10-01 21:07:48,751 [WARN] ModelIntegratedComponent:63 - No mode defined for component null
2023-10-01 21:07:48,751 [WARN] ModelIntegratedComponent:63 - No mode defined for component null
2023-10-01 21:07:48,789 [INFO] ThirdPartyModel:298 - Start build external matchings
2023-10-01 21:07:49,403 [INFO] ThirdPartyModel:316 - End build external matchings
2023-10-01 21:07:50,027 [INFO] UtilMem:75 - End LoadConfig() Used Memory: 466501496 Bytes (495976448)
2023-10-01 21:07:50,429 [INFO] ApiDb:581 - Connected to CubeFinder SQLite database (C:\Users\Acer\.stmcufinder\plugins\mcufinder\mcu\cube-finder-db.db)
2023-10-01 21:07:50,536 [INFO] ApiDb:668 - CubeFinder database Data Model version=2.1
2023-10-01 21:07:50,536 [INFO] ApiDb:669 - CubeFinder database Configuration version=3.0.37
2023-10-01 21:07:50,537 [INFO] ApiDb:670 - CubeFinder database generation date=2023-08-09 (1691586011)
2023-10-01 21:07:50,537 [INFO] ApiDb:671 - CubeFinder database FW Pack versions=[FP-ATR-ASTRA1_V2.0.0, FP-SNS-FLIGHT1_V5.0.1, FP-SNS-FLIGHT1_V5.0.2, FP-SNS-MOTENV1_V4.3.1, FP-SNS-MOTENV1_V4.3.2, STM32Cube_FW_C0_V1.1.0, STM32Cube_FW_F4_V1.27.1, STM32Cube_FW_F7_V1.17.0, STM32Cube_FW_G0_V1.6.1, STM32Cube_FW_G4_V1.5.1, STM32Cube_FW_H5_V0.5.1, STM32Cube_FW_H5_V1.1.0, STM32Cube_FW_H7_V1.11.0, STM32Cube_FW_L0_V1.12.2, STM32Cube_FW_L5_V1.5.0, STM32Cube_FW_U5_V1.3.0, STM32Cube_FW_U5_V1.3.0RC4, STM32Cube_FW_WBA_V1.0.0RC1, STM32Cube_FW_WBA_V1.1.0, STM32Cube_FW_WBA_V1.1.0RC1, STM32Cube_FW_WB_V1.15.0RC1, STM32Cube_FW_WB_V1.16.0, STM32Cube_FW_WB_V1.16.0RC2, STM32Cube_FW_WB_V1.17.0, STM32Cube_FW_WL_V1.3.0, X-CUBE-ALGOBUILD_V1.3.0, X-CUBE-ALS_V1.0.1, X-CUBE-AZRTOS-F4_V1.1.0, X-CUBE-AZRTOS-F7_V1.1.0, X-CUBE-AZRTOS-G0_V1.1.0, X-CUBE-AZRTOS-G4_V2.0.0, X-CUBE-AZRTOS-H7_V3.1.0, X-CUBE-AZRTOS-L4_V1.0.0, X-CUBE-AZRTOS-L4_V2.0.0, X-CUBE-AZRTOS-L5_V1.1.0, X-CUBE-AZRTOS-WB_V1.1.0, X-CUBE-AZRTOS-WL_V2.0.0, X-CUBE-BLE1_V7.0.0, X-CUBE-BLE2_V3.3.0, X-CUBE-BLEMGR_V2.0.0, X-CUBE-EEPRMA1_V4.1.0, X-CUBE-FREERTOS_V1.1.0, X-CUBE-GNSS1_V6.0.0, X-CUBE-MEMS1_V9.1.0, X-CUBE-MEMS1_V9.4.0, X-CUBE-MEMS1_V9.6.0, X-CUBE-NFC4_V3.0.0, X-CUBE-NFC7_V1.0.0, X-CUBE-SFXS2LP1_V4.0.0, X-CUBE-SUBG2_V5.0.0, X-CUBE-TOF1_V3.3.1]
2023-10-01 21:07:52,959 [INFO] ApiDb:240 - Found 297 in-development CPN: [B-G473E-ZEST1S, B-WB1M-WPAN1, B-WL5M-SUBG1, NUCLEO-C031C6, NUCLEO-H503RB, NUCLEO-H563ZI, NUCLEO-U545RE-Q, NUCLEO-U5A5ZJ-Q, NUCLEO-WBA52CG, STEVAL-PROTEUS1, STEVAL-STWINBX1, STM320518-EVAL, STM32C0116-DK, STM32C011D6Y3TR, STM32C011D6Y6TR, STM32C011F4P3, STM32C011F4P6, STM32C011F4U3, STM32C011F4U6TR, STM32C011F6P3, STM32C011F6P6, STM32C011F6U3, STM32C011F6U6TR, STM32C011J4M3, STM32C011J4M6, STM32C011J6M3, STM32C011J6M6, STM32C0316-DK, STM32C031C4T3, STM32C031C4T6, STM32C031C4U3, STM32C031C4U6, STM32C031C6T3, STM32C031C6T6, STM32C031C6U3, STM32C031C6U6, STM32C031F4P3, STM32C031F4P6, STM32C031F6P3, STM32C031F6P6, STM32C031G4U3, STM32C031G4U6, STM32C031G6U3, STM32C031G6U6, STM32C031K4T3, STM32C031K4T6, STM32C031K4U3, STM32C031K4U6, STM32C031K6T3, STM32C031K6T6, STM32C031K6U3, STM32C031K6U6, STM32G071K8TXN, STM32G071K8UXN, STM32G081GBU6N, STM32G081KBT6N, STM32G081KBUXN, STM32G0B1CCT6N, STM32G0B1KCT6, STM32G0B1NEY6TR, STM32G0B1RCT6N, STM32G0C1CCT6, STM32G0C1CCT6N, STM32G0C1CCU6N, STM32G0C1CET6N, STM32G0C1CEU6N, STM32G0C1KCT6, STM32G0C1NEY6TR, STM32G0C1RCI6N, STM32G0C1RCT6N, STM32G0C1REI6N, STM32G0C1RET6N, STM32G0C1VCI6, STM32G0C1VEI6, STM32G471CCT6, STM32G471CCU6, STM32G471CET3, STM32G471CET6, STM32G471CEU3, STM32G471CEU6, STM32G471MCT6, STM32G471MET3, STM32G471MET6, STM32G471MEY6TR, STM32G471QCT6, STM32G471QET3, STM32G471RCT6, STM32G471RET3, STM32G471RET6, STM32G471VCH6, STM32G471VCI6, STM32G471VCT6, STM32G471VEH3, STM32G471VEH6, STM32G471VEI3, STM32G471VEI6, STM32G471VET3, STM32G471VET6, STM32G474CCT6, STM32H503CBT6, STM32H503CBU6, STM32H503EBY6TR, STM32H503KBU6, STM32H503RBT6, STM32H562AGI6, STM32H562AII6, STM32H562IGK6, STM32H562IGT6, STM32H562IIK6, STM32H562IIT6, STM32H562RGT6, STM32H562RGV6, STM32H562RIT6, STM32H562RIV6, STM32H562VGT6, STM32H562VIT6, STM32H562ZGT6, STM32H562ZIT6, STM32H563AGI6, STM32H563AII3Q, STM32H563AII6, STM32H563IGK6, STM32H563IGT6, STM32H563IIK3Q, STM32H563IIK6, STM32H563IIT3Q, STM32H563IIT6, STM32H563MIY3QTR, STM32H563RGT6, STM32H563RGV6, STM32H563RIT6, STM32H563RIV6, STM32H563VGT6, STM32H563VIT3Q, STM32H563VIT6, STM32H563ZGT6, STM32H563ZIT3Q, STM32H563ZIT6, STM32H573AII3Q, STM32H573AII6, STM32H573I-DK, STM32H573IIK3Q, STM32H573IIK6, STM32H573IIT3Q, STM32H573IIT6, STM32H573MIY3QTR, STM32H573RIT6, STM32H573RIV6, STM32H573VIT3Q, STM32H573VIT6, STM32H573ZIT3Q, STM32H573ZIT6, STM32L4R5QGI6STR, STM32MP131AAE3, STM32MP131AAF3, STM32MP131AAG3, STM32MP131CAE3, STM32MP131CAF3, STM32MP131CAG3, STM32MP131DAE7, STM32MP131DAF7, STM32MP131DAG7, STM32MP131FAE7, STM32MP131FAF7, STM32MP131FAG7, STM32MP133AAE3, STM32MP133AAF3, STM32MP133AAG3, STM32MP133CAE3, STM32MP133CAF3, STM32MP133CAG3, STM32MP133DAE7, STM32MP133DAF7, STM32MP133DAG7, STM32MP133FAE7, STM32MP133FAF7, STM32MP133FAG7, STM32MP135AAE3, STM32MP135AAF3, STM32MP135AAG3, STM32MP135CAE3, STM32MP135CAF3, STM32MP135CAG3, STM32MP135DAE7, STM32MP135DAF7, STM32MP135DAG7, STM32MP135F-DK, STM32MP135FAE7, STM32MP135FAF7, STM32MP135FAF7T, STM32MP135FAF7U, STM32MP135FAG7, STM32U535CBT6, STM32U535CBT6Q, STM32U535CBU6, STM32U535CBU6Q, STM32U535CCT6, STM32U535CCT6Q, STM32U535CCU6, STM32U535CCU6Q, STM32U535CET6, STM32U535CET6Q, STM32U535CEU6, STM32U535CEU6Q, STM32U535JEY6QTR, STM32U535NCY6QTR, STM32U535NEY6QTR, STM32U535RBI6, STM32U535RBI6Q, STM32U535RBT6, STM32U535RBT6Q, STM32U535RCI6, STM32U535RCI6Q, STM32U535RCT6, STM32U535RCT6Q, STM32U535REI6, STM32U535REI6Q, STM32U535RET6, STM32U535RET6Q, STM32U535VCI6, STM32U535VCI6Q, STM32U535VCT6, STM32U535VCT6Q, STM32U535VEI6, STM32U535VEI6Q, STM32U535VET6, STM32U535VET6Q, STM32U545CET6, STM32U545CET6Q, STM32U545CEU6, STM32U545CEU6Q, STM32U545JEY6QTR, STM32U545NEY6QTR, STM32U545REI6, STM32U545REI6Q, STM32U545RET6, STM32U545RET6Q, STM32U545VEI6, STM32U545VEI6Q, STM32U545VET6, STM32U545VET6Q, STM32U595AIH6, STM32U595AIH6Q, STM32U595AJH6, STM32U595AJH6Q, STM32U595QII6, STM32U595QII6Q, STM32U595QJI6, STM32U595QJI6Q, STM32U595RIT6, STM32U595RIT6Q, STM32U595RJT6, STM32U595RJT6Q, STM32U595VIT6, STM32U595VIT6Q, STM32U595VJT6, STM32U595VJT6Q, STM32U595ZIT6, STM32U595ZIT6Q, STM32U595ZIY6QTR, STM32U595ZJT6, STM32U595ZJT6Q, STM32U595ZJY6QTR, STM32U599BJY6QTR, STM32U599NIH6Q, STM32U599NJH6Q, STM32U599VIT6Q, STM32U599VJT6, STM32U599VJT6Q, STM32U599ZIT6Q, STM32U599ZIY6QTR, STM32U599ZJT6Q, STM32U599ZJY6QTR, STM32U5A5AJH6, STM32U5A5AJH6Q, STM32U5A5QJI6, STM32U5A5QJI6Q, STM32U5A5RJT6, STM32U5A5RJT6Q, STM32U5A5VJT6, STM32U5A5VJT6Q, STM32U5A5ZJT6, STM32U5A5ZJT6Q, STM32U5A5ZJY6QTR, STM32U5A9BJY6QTR, STM32U5A9J-DK, STM32U5A9NJH6Q, STM32U5A9VJT6Q, STM32U5A9ZJT6Q, STM32U5A9ZJY6QTR, STM32WB1MMCH6, STM32WBA52CEU6, STM32WBA52CEU6T, STM32WBA52CGU6, STM32WBA52CGU6T, STM32WL5MOCH6, STM32WL5MOCH6TR]
2023-10-01 21:07:52,964 [INFO] DbMcus:216 - Found 3825 MCUs, 3825 are supported
2023-10-01 21:07:52,967 [INFO] ApiDb:423 - Load user favorites file C:\Users\Acer/.stm32cubeide/favorites.mcus.txt: 0 item(s)
2023-10-01 21:07:52,967 [INFO] ApiDb:427 - User favorites MCUs=[]
2023-10-01 21:07:52,968 [INFO] DbMcus:222 - Set 0 / 0 favorites MCUs
2023-10-01 21:07:53,638 [WARN] ThirdParty:833 - waiting for thirdparty lock release [change project]
2023-10-01 21:07:53,638 [INFO] ThirdParty:835 - entering critical section [change project]
2023-10-01 21:07:53,639 [INFO] ThirdParty:1030 - CMSIS Pack Vendor :STMicroelectronics X-CUBE-ISPU 1.1.0
2023-10-01 21:07:53,639 [INFO] ThirdParty:1030 - CMSIS Pack Vendor :STMicroelectronics X-CUBE-GNSS1 6.0.0
2023-10-01 21:07:53,639 [INFO] ThirdParty:1030 - CMSIS Pack Vendor :STMicroelectronics USB_HOST 2.0.0
2023-10-01 21:07:53,639 [INFO] ThirdParty:1030 - CMSIS Pack Vendor :STMicroelectronics X-CUBE-AZRTOS-F4 1.1.0
2023-10-01 21:07:53,639 [INFO] ThirdParty:1030 - CMSIS Pack Vendor :STMicroelectronics LIBJPEG 8.0.0
2023-10-01 21:07:53,639 [INFO] ThirdParty:1030 - CMSIS Pack Vendor :STMicroelectronics X-CUBE-SMBUS 2.1.0
2023-10-01 21:07:53,639 [INFO] ThirdParty:1030 - CMSIS Pack Vendor :wolfSSL I-CUBE-wolfSSL 5.6.0
2023-10-01 21:07:53,639 [INFO] ThirdParty:1030 - CMSIS Pack Vendor :STMicroelectronics USB_DEVICE 3.0.0
2023-10-01 21:07:53,639 [INFO] ThirdParty:1030 - CMSIS Pack Vendor :STMicroelectronics X-CUBE-AZRTOS-WB 2.0.0
2023-10-01 21:07:53,639 [INFO] ThirdParty:1030 - CMSIS Pack Vendor :STMicroelectronics X-CUBE-FREERTOS 1.0.1
2023-10-01 21:07:53,640 [INFO] ThirdParty:1030 - CMSIS Pack Vendor :STMicroelectronics X-CUBE-AZRTOS-F7 1.1.0
2023-10-01 21:07:53,640 [INFO] ThirdParty:1030 - CMSIS Pack Vendor :STMicroelectronics X-CUBE-TOUCHGFX 4.21.4
2023-10-01 21:07:53,640 [INFO] ThirdParty:1030 - CMSIS Pack Vendor :STMicroelectronics X-CUBE-AZRTOS-L5 2.0.0
2023-10-01 21:07:53,640 [INFO] ThirdParty:1030 - CMSIS Pack Vendor :STMicroelectronics USB_DEVICE 2.0.0
2023-10-01 21:07:53,640 [INFO] ThirdParty:1030 - CMSIS Pack Vendor :STMicroelectronics X-CUBE-MEMS1 9.6.0
2023-10-01 21:07:53,640 [INFO] ThirdParty:1030 - CMSIS Pack Vendor :STMicroelectronics FP-SNS-MOTENV1 4.3.2
2023-10-01 21:07:53,640 [INFO] ThirdParty:1030 - CMSIS Pack Vendor :STMicroelectronics FP-SNS-MOTENV1 4.3.1
2023-10-01 21:07:53,640 [INFO] ThirdParty:1030 - CMSIS Pack Vendor :STMicroelectronics FP-SNS-FLIGHT1 5.0.1
2023-10-01 21:07:53,640 [INFO] ThirdParty:1030 - CMSIS Pack Vendor :STMicroelectronics X-CUBE-ALGOBUILD 1.3.0
2023-10-01 21:07:53,640 [INFO] ThirdParty:1030 - CMSIS Pack Vendor :STMicroelectronics X-CUBE-BLE1 6.2.4
2023-10-01 21:07:53,641 [INFO] ThirdParty:1030 - CMSIS Pack Vendor :STMicroelectronics X-CUBE-AZRTOS-L5 1.1.0
2023-10-01 21:07:53,641 [INFO] ThirdParty:1030 - CMSIS Pack Vendor :STMicroelectronics FreeRTOS 0.0.1
2023-10-01 21:07:53,641 [INFO] ThirdParty:1030 - CMSIS Pack Vendor :STMicroelectronics X-CUBE-AZRTOS-G0 1.1.0
2023-10-01 21:07:53,641 [INFO] ThirdParty:1030 - CMSIS Pack Vendor :emotas I-CUBE-CANOPEN 1.1.3
2023-10-01 21:07:53,641 [INFO] ThirdParty:1030 - CMSIS Pack Vendor :STMicroelectronics X-CUBE-BLEMGR 2.0.0
2023-10-01 21:07:53,641 [INFO] ThirdParty:1030 - CMSIS Pack Vendor :STMicroelectronics X-CUBE-AI 8.0.1
2023-10-01 21:07:53,641 [INFO] ThirdParty:1030 - CMSIS Pack Vendor :STMicroelectronics X-CUBE-NFC4 3.0.0
2023-10-01 21:07:53,641 [INFO] ThirdParty:1030 - CMSIS Pack Vendor :STMicroelectronics X-CUBE-SUBG2 5.0.0
2023-10-01 21:07:53,641 [INFO] ThirdParty:1030 - CMSIS Pack Vendor :STMicroelectronics STM32_WPAN 1.0.0
2023-10-01 21:07:53,641 [INFO] ThirdParty:1030 - CMSIS Pack Vendor :STMicroelectronics lwIP 2.0.3
2023-10-01 21:07:53,642 [INFO] ThirdParty:1030 - CMSIS Pack Vendor :STMicroelectronics FP-SNS-FLIGHT1 5.0.2
2023-10-01 21:07:53,642 [INFO] ThirdParty:1030 - CMSIS Pack Vendor :STMicroelectronics USB_HOST 1.0.0
2023-10-01 21:07:53,642 [INFO] ThirdParty:1030 - CMSIS Pack Vendor :STMicroelectronics X-CUBE-TOF1 3.3.1
2023-10-01 21:07:53,642 [INFO] ThirdParty:1030 - CMSIS Pack Vendor :STMicroelectronics X-CUBE-AZRTOS-G4 2.0.0
2023-10-01 21:07:53,642 [INFO] ThirdParty:1030 - CMSIS Pack Vendor :STMicroelectronics PDM2PCM 3.1.0
2023-10-01 21:07:53,642 [INFO] ThirdParty:1030 - CMSIS Pack Vendor :STMicroelectronics X-CUBE-AZRTOS-H7 3.1.0
2023-10-01 21:07:53,642 [INFO] ThirdParty:1030 - CMSIS Pack Vendor :STMicroelectronics X-CUBE-TOF1 3.3.0
2023-10-01 21:07:53,642 [INFO] ThirdParty:1030 - CMSIS Pack Vendor :STMicroelectronics PDM2PCM 3.3.0
2023-10-01 21:07:53,642 [INFO] ThirdParty:1030 - CMSIS Pack Vendor :STMicroelectronics X-CUBE-DISPLAY 3.0.0
2023-10-01 21:07:53,642 [INFO] ThirdParty:1030 - CMSIS Pack Vendor :STMicroelectronics X-CUBE-BLE1 7.0.0
2023-10-01 21:07:53,642 [INFO] ThirdParty:1030 - CMSIS Pack Vendor :STMicroelectronics FP-ATR-SIGFOX1 3.2.0
2023-10-01 21:07:53,642 [INFO] ThirdParty:1030 - CMSIS Pack Vendor :STMicroelectronics HAL Drivers 0.0.0
2023-10-01 21:07:53,642 [INFO] ThirdParty:1030 - CMSIS Pack Vendor :STMicroelectronics MBEDTLS 2.16.2
2023-10-01 21:07:53,642 [INFO] ThirdParty:1030 - CMSIS Pack Vendor :STMicroelectronics X-CUBE-FREERTOS 1.1.0
2023-10-01 21:07:53,643 [INFO] ThirdParty:1030 - CMSIS Pack Vendor :STMicroelectronics X-CUBE-TOUCHGFX 4.22.0
2023-10-01 21:07:53,643 [INFO] ThirdParty:1030 - CMSIS Pack Vendor :STMicroelectronics X-CUBE-NFC7 1.0.1
2023-10-01 21:07:53,643 [INFO] ThirdParty:1030 - CMSIS Pack Vendor :STMicroelectronics MBEDTLS 2.14.1
2023-10-01 21:07:53,643 [INFO] ThirdParty:1030 - CMSIS Pack Vendor :STMicroelectronics X-CUBE-NFC7 1.0.0
2023-10-01 21:07:53,643 [INFO] ThirdParty:1030 - CMSIS Pack Vendor :STMicroelectronics X-CUBE-EEPRMA1 4.1.0
2023-10-01 21:07:53,643 [INFO] ThirdParty:1030 - CMSIS Pack Vendor :portGmbH I-Cube-SoM-uGOAL 1.1.0
2023-10-01 21:07:53,644 [INFO] ThirdParty:1030 - CMSIS Pack Vendor :STMicroelectronics X-CUBE-ALS 1.0.1
2023-10-01 21:07:53,644 [INFO] ThirdParty:1030 - CMSIS Pack Vendor :STMicroelectronics ThreadX 1.0.0
2023-10-01 21:07:53,644 [INFO] ThirdParty:1030 - CMSIS Pack Vendor :STMicroelectronics X-CUBE-AZRTOS-WB 1.1.0
2023-10-01 21:07:53,644 [INFO] ThirdParty:1030 - CMSIS Pack Vendor :SEGGER I-CUBE-embOS 1.3.1
2023-10-01 21:07:53,644 [INFO] ThirdParty:1030 - CMSIS Pack Vendor :STMicroelectronics USB_DEVICE 1.0.0
2023-10-01 21:07:53,644 [INFO] ThirdParty:1030 - CMSIS Pack Vendor :STMicroelectronics X-CUBE-AI 8.1.0
2023-10-01 21:07:53,646 [INFO] ThirdParty:1030 - CMSIS Pack Vendor :STMicroelectronics X-CUBE-AZRTOS-L4 2.0.0
2023-10-01 21:07:53,646 [INFO] ThirdParty:1030 - CMSIS Pack Vendor :STMicroelectronics ThreadX 0.0.2
2023-10-01 21:07:53,646 [INFO] ThirdParty:1030 - CMSIS Pack Vendor :WES I-CUBE-Cesium 1.3.0
2023-10-01 21:07:53,647 [INFO] ThirdParty:1030 - CMSIS Pack Vendor :STMicroelectronics FP-ATR-ASTRA1 2.0.0
2023-10-01 21:07:53,647 [INFO] ThirdParty:1030 - CMSIS Pack Vendor :STMicroelectronics lwIP 2.1.2
2023-10-01 21:07:53,647 [INFO] ThirdParty:1030 - CMSIS Pack Vendor :STMicroelectronics X-CUBE-SFXS2LP1 4.0.0
2023-10-01 21:07:53,647 [INFO] ThirdParty:1030 - CMSIS Pack Vendor :STMicroelectronics X-CUBE-BLE2 3.3.0
2023-10-01 21:07:53,647 [INFO] ThirdParty:1030 - CMSIS Pack Vendor :STMicroelectronics PDM2PCM 3.2.0
2023-10-01 21:07:53,647 [INFO] ThirdParty:841 - exiting critical section [change project]
2023-10-01 21:07:54,172 [INFO] PinOutPanel:1499 - setPackage(No Configuration,No Configuration)
2023-10-01 21:07:54,175 [INFO] PinOutPanel:1499 - setPackage(STM32F103C6Tx,LQFP48)
2023-10-01 21:07:55,196 [INFO] UtilMem:75 - Before build in PCC Used Memory: 480961840 Bytes (520093696)
2023-10-01 21:07:57,498 [INFO] UtilMem:75 - After build in PCC Used Memory: 489744192 Bytes (520093696)
2023-10-01 21:07:57,557 [INFO] IPUIPlugin:80 - create IPUIPlugin
2023-10-01 21:07:57,559 [INFO] IPUIPlugin:80 - create IPUIPlugin
2023-10-01 21:07:57,559 [INFO] IPUIPlugin:80 - create IPUIPlugin
2023-10-01 21:07:57,559 [INFO] IPUIPlugin:80 - create IPUIPlugin
2023-10-01 21:07:57,559 [INFO] IPUIPlugin:80 - create IPUIPlugin
2023-10-01 21:07:57,560 [INFO] IPUIPlugin:80 - create IPUIPlugin
2023-10-01 21:07:57,560 [INFO] IPUIPlugin:80 - create IPUIPlugin
2023-10-01 21:07:57,562 [INFO] IPUIPlugin:80 - create IPUIPlugin
2023-10-01 21:07:57,562 [INFO] IPUIPlugin:80 - create IPUIPlugin
2023-10-01 21:07:57,563 [INFO] IPUIPlugin:80 - create IPUIPlugin
2023-10-01 21:07:57,563 [INFO] IPUIPlugin:80 - create IPUIPlugin
2023-10-01 21:07:57,563 [INFO] IPUIPlugin:80 - create IPUIPlugin
2023-10-01 21:07:57,563 [INFO] IPUIPlugin:80 - create IPUIPlugin
2023-10-01 21:07:57,564 [INFO] IPUIPlugin:80 - create IPUIPlugin
2023-10-01 21:07:57,564 [INFO] IPUIPlugin:80 - create IPUIPlugin
2023-10-01 21:07:57,564 [INFO] IPUIPlugin:80 - create IPUIPlugin
2023-10-01 21:07:57,564 [INFO] IPUIPlugin:80 - create IPUIPlugin
2023-10-01 21:07:57,565 [INFO] IPUIPlugin:80 - create IPUIPlugin
2023-10-01 21:07:57,565 [INFO] IPUIPlugin:80 - create IPUIPlugin
2023-10-01 21:07:57,565 [INFO] IPUIPlugin:80 - create IPUIPlugin
2023-10-01 21:07:57,566 [INFO] IPUIPlugin:80 - create IPUIPlugin
2023-10-01 21:07:57,566 [INFO] IPUIPlugin:80 - create IPUIPlugin
2023-10-01 21:07:57,566 [INFO] IPUIPlugin:80 - create IPUIPlugin
2023-10-01 21:07:57,935 [INFO] CADModel:165 - CPN selected for project levelSTM32F103C6T6A
2023-10-01 21:07:57,935 [INFO] CADModel:114 - Register for checkConnection events
2023-10-01 21:07:57,989 [INFO] OpenFileManager:328 - Restore cursor
2023-10-01 21:08:36,928 [INFO] NvicIntPanel:101 - NVIC parent = com.st.microxplorer.plugins.ip.nvic.MultiNvicIntPanel[,0,0,0x0,invalid,layout=javax.swing.BoxLayout,alignmentX=0.0,alignmentY=0.0,border=,flags=9,maximumSize=,minimumSize=,preferredSize=]
2023-10-01 21:08:38,988 [INFO] NvicIntPanel:101 - NVIC parent = com.st.microxplorer.plugins.ip.nvic.MultiNvicIntPanel[,0,0,0x0,invalid,layout=javax.swing.BoxLayout,alignmentX=0.0,alignmentY=0.0,border=,flags=9,maximumSize=,minimumSize=,preferredSize=]
2023-10-01 21:11:51,401 [INFO] NvicIntPanel:101 - NVIC parent = com.st.microxplorer.plugins.ip.nvic.MultiNvicIntPanel[,0,0,0x0,invalid,layout=javax.swing.BoxLayout,alignmentX=0.0,alignmentY=0.0,border=,flags=9,maximumSize=,minimumSize=,preferredSize=]
2023-10-01 21:11:53,355 [INFO] NvicIntPanel:101 - NVIC parent = com.st.microxplorer.plugins.ip.nvic.MultiNvicIntPanel[,0,0,0x0,invalid,layout=javax.swing.BoxLayout,alignmentX=0.0,alignmentY=0.0,border=,flags=9,maximumSize=,minimumSize=,preferredSize=]
2023-10-01 21:12:07,281 [INFO] NvicIntPanel:101 - NVIC parent = com.st.microxplorer.plugins.ip.nvic.MultiNvicIntPanel[,0,0,0x0,invalid,layout=javax.swing.BoxLayout,alignmentX=0.0,alignmentY=0.0,border=,flags=9,maximumSize=,minimumSize=,preferredSize=]
2023-10-01 21:12:09,019 [INFO] NvicIntPanel:101 - NVIC parent = com.st.microxplorer.plugins.ip.nvic.MultiNvicIntPanel[,0,0,0x0,invalid,layout=javax.swing.BoxLayout,alignmentX=0.0,alignmentY=0.0,border=,flags=9,maximumSize=,minimumSize=,preferredSize=]
2023-10-01 21:12:10,713 [INFO] NvicIntPanel:101 - NVIC parent = com.st.microxplorer.plugins.ip.nvic.MultiNvicIntPanel[,0,0,0x0,invalid,layout=javax.swing.BoxLayout,alignmentX=0.0,alignmentY=0.0,border=,flags=9,maximumSize=,minimumSize=,preferredSize=]
2023-10-01 21:12:37,089 [INFO] NvicIntPanel:101 - NVIC parent = com.st.microxplorer.plugins.ip.nvic.MultiNvicIntPanel[,0,0,0x0,invalid,layout=javax.swing.BoxLayout,alignmentX=0.0,alignmentY=0.0,border=,flags=9,maximumSize=,minimumSize=,preferredSize=]
2023-10-01 21:12:38,601 [INFO] NvicIntPanel:101 - NVIC parent = com.st.microxplorer.plugins.ip.nvic.MultiNvicIntPanel[,0,0,0x0,invalid,layout=javax.swing.BoxLayout,alignmentX=0.0,alignmentY=0.0,border=,flags=9,maximumSize=,minimumSize=,preferredSize=]
2023-10-01 21:12:40,154 [INFO] NvicIntPanel:101 - NVIC parent = com.st.microxplorer.plugins.ip.nvic.MultiNvicIntPanel[,0,0,0x0,invalid,layout=javax.swing.BoxLayout,alignmentX=0.0,alignmentY=0.0,border=,flags=9,maximumSize=,minimumSize=,preferredSize=]
2023-10-01 21:12:41,779 [INFO] NvicIntPanel:101 - NVIC parent = com.st.microxplorer.plugins.ip.nvic.MultiNvicIntPanel[,0,0,0x0,invalid,layout=javax.swing.BoxLayout,alignmentX=0.0,alignmentY=0.0,border=,flags=9,maximumSize=,minimumSize=,preferredSize=]
2023-10-01 21:13:11,751 [INFO] UtilMem:75 - End SaveConfig() Used Memory: 575470208 Bytes (673185792)
2023-10-01 21:13:13,882 [INFO] UtilMem:75 - End SaveConfig() Used Memory: 497758256 Bytes (673185792)
2023-10-01 21:13:15,289 [INFO] UtilMem:75 - End SaveConfig() Used Memory: 564344880 Bytes (673185792)
2023-10-01 21:13:16,272 [INFO] BlockDiagram:2759 - set Specific Code input for plugin: NVIC
2023-10-01 21:13:16,273 [INFO] BlockDiagram:2759 - set Specific Code input for plugin: GPIO
2023-10-01 21:13:16,273 [INFO] BlockDiagram:2759 - set Specific Code input for plugin: RCC
2023-10-01 21:13:16,273 [INFO] BlockDiagram:2759 - set Specific Code input for plugin: TIM1_8F1
2023-10-01 21:13:16,287 [INFO] CodeGenerator:793 - code generatio: config db path: C:\Users\Acer\Desktop\DHBK\HK5\VXL\STM32\STM32CubeIDE_1.12.1\STM32CubeIDE\plugins\com.st.stm32cube.common.mx_6.8.1.202304191431\\db\
2023-10-01 21:13:17,032 [INFO] CodeEngine:255 - oldGeneratedFile, C:\Users\Acer\Desktop\DHBK\HK5\VXL\STM32\lab\lab_2\Lab2_ex\MXTmpFiles\license.tmp_save
2023-10-01 21:13:17,647 [INFO] CodeEngine:279 - Generated code: C:\Users\Acer\Desktop\DHBK\HK5\VXL\STM32\lab\lab_2\Lab2_ex\MXTmpFiles\license.tmp
2023-10-01 21:13:17,817 [INFO] CodeEngine:255 - oldGeneratedFile, C:\Users\Acer\Desktop\DHBK\HK5\VXL\STM32\lab\lab_2\Lab2_ex\MXTmpFiles\gpio.tmp_save
2023-10-01 21:13:17,985 [INFO] CodeEngine:279 - Generated code: C:\Users\Acer\Desktop\DHBK\HK5\VXL\STM32\lab\lab_2\Lab2_ex\MXTmpFiles\gpio.tmp
2023-10-01 21:13:18,237 [INFO] CodeEngine:255 - oldGeneratedFile, C:\Users\Acer\Desktop\DHBK\HK5\VXL\STM32\lab\lab_2\Lab2_ex\Core\Src\stm32f1xx_it.c_save
2023-10-01 21:13:18,494 [INFO] CodeEngine:279 - Generated code: C:\Users\Acer\Desktop\DHBK\HK5\VXL\STM32\lab\lab_2\Lab2_ex\Core\Src\stm32f1xx_it.c
2023-10-01 21:13:18,532 [INFO] CodeEngine:255 - oldGeneratedFile, C:\Users\Acer\Desktop\DHBK\HK5\VXL\STM32\lab\lab_2\Lab2_ex\Core\Inc\stm32f1xx_it.h_save
2023-10-01 21:13:18,702 [INFO] CodeEngine:279 - Generated code: C:\Users\Acer\Desktop\DHBK\HK5\VXL\STM32\lab\lab_2\Lab2_ex\Core\Inc\stm32f1xx_it.h
2023-10-01 21:13:18,895 [INFO] CodeEngine:255 - oldGeneratedFile, C:\Users\Acer\Desktop\DHBK\HK5\VXL\STM32\lab\lab_2\Lab2_ex\Core\Src\stm32f1xx_hal_msp.c_save
2023-10-01 21:13:19,180 [INFO] CodeEngine:279 - Generated code: C:\Users\Acer\Desktop\DHBK\HK5\VXL\STM32\lab\lab_2\Lab2_ex\Core\Src\stm32f1xx_hal_msp.c
2023-10-01 21:13:19,232 [INFO] CodeEngine:255 - oldGeneratedFile, C:\Users\Acer\Desktop\DHBK\HK5\VXL\STM32\lab\lab_2\Lab2_ex\MXTmpFiles\system.tmp_save
2023-10-01 21:13:19,363 [INFO] CodeEngine:279 - Generated code: C:\Users\Acer\Desktop\DHBK\HK5\VXL\STM32\lab\lab_2\Lab2_ex\MXTmpFiles\system.tmp
2023-10-01 21:13:19,412 [INFO] CodeEngine:311 - oldGeneratedFile, C:\Users\Acer\Desktop\DHBK\HK5\VXL\STM32\lab\lab_2\Lab2_ex\Core\Inc\stm32f1xx_hal_conf.h_save
2023-10-01 21:13:19,629 [INFO] CodeEngine:335 - Generated code: C:\Users\Acer\Desktop\DHBK\HK5\VXL\STM32\lab\lab_2\Lab2_ex\Core\Inc\stm32f1xx_hal_conf.h
2023-10-01 21:13:19,692 [WARN] IPConfigManager:3431 - IP not found : TIM
2023-10-01 21:13:19,694 [WARN] CodeGenerator:3754 - IP not found : null
2023-10-01 21:13:19,735 [INFO] CodeEngine:255 - oldGeneratedFile, C:\Users\Acer\Desktop\DHBK\HK5\VXL\STM32\lab\lab_2\Lab2_ex\Core\Inc\main.h_save
2023-10-01 21:13:19,926 [INFO] CodeEngine:279 - Generated code: C:\Users\Acer\Desktop\DHBK\HK5\VXL\STM32\lab\lab_2\Lab2_ex\Core\Inc\main.h
2023-10-01 21:13:19,974 [INFO] CodeEngine:255 - oldGeneratedFile, C:\Users\Acer\Desktop\DHBK\HK5\VXL\STM32\lab\lab_2\Lab2_ex\Core\Src\main.c_save
2023-10-01 21:13:20,181 [INFO] CodeEngine:279 - Generated code: C:\Users\Acer\Desktop\DHBK\HK5\VXL\STM32\lab\lab_2\Lab2_ex\Core\Src\main.c
2023-10-01 21:13:21,445 [INFO] ProjectBuilder:2996 - Time for Copy HAL[1] : 282mS.
2023-10-01 21:13:21,465 [INFO] ProjectBuilder:4304 - Project Generator version: 3.19.2
2023-10-01 21:13:21,905 [INFO] ConfigFileManager:1483 - The Die is : DIE412
2023-10-01 21:13:21,934 [INFO] ApiDbMcu:507 - Load IP Config File for FATFS
2023-10-01 21:13:21,945 [INFO] ApiDbMcu:507 - Load IP Config File for FREERTOS
2023-10-01 21:13:21,962 [INFO] ApiDbMcu:507 - Load IP Config File for USB_DEVICE
2023-10-01 21:13:23,534 [INFO] LogOutputStream:77 - [STDOUT_REDIRECT] 
2023-10-01 21:13:26,795 [INFO] ProjectBuilder:4505 - Time for Generating toolchain IDE Files: 5329mS.
2023-10-01 21:13:26,797 [INFO] ProjectBuilder:2867 - Time for Copy CMSIS : 2mS.
2023-10-01 21:13:26,802 [INFO] ProjectBuilder:2867 - Time for Copy CMSIS : 0mS.
2023-10-01 21:58:08,188 [ERROR] ConfigurationRetriever:142 - IOException on connection: Read timed out
2023-10-01 21:59:06,122 [INFO] UtilMem:75 - End SaveConfig() Used Memory: 551939536 Bytes (893386752)
2023-10-01 21:59:07,145 [INFO] UtilMem:75 - End SaveConfig() Used Memory: 565164984 Bytes (893386752)
2023-10-01 21:59:10,129 [INFO] UtilMem:75 - End SaveConfig() Used Memory: 631109072 Bytes (893386752)
2023-10-01 21:59:10,636 [INFO] BlockDiagram:2759 - set Specific Code input for plugin: NVIC
2023-10-01 21:59:10,637 [INFO] BlockDiagram:2759 - set Specific Code input for plugin: GPIO
2023-10-01 21:59:10,637 [INFO] BlockDiagram:2759 - set Specific Code input for plugin: RCC
2023-10-01 21:59:10,637 [INFO] BlockDiagram:2759 - set Specific Code input for plugin: TIM1_8F1
2023-10-01 21:59:10,638 [INFO] CodeGenerator:793 - code generatio: config db path: C:\Users\Acer\Desktop\DHBK\HK5\VXL\STM32\STM32CubeIDE_1.12.1\STM32CubeIDE\plugins\com.st.stm32cube.common.mx_6.8.1.202304191431\\db\
2023-10-01 21:59:10,838 [INFO] CodeEngine:255 - oldGeneratedFile, C:\Users\Acer\Desktop\DHBK\HK5\VXL\STM32\lab\lab_2\Lab2_ex\MXTmpFiles\license.tmp_save
2023-10-01 21:59:11,254 [INFO] CodeEngine:279 - Generated code: C:\Users\Acer\Desktop\DHBK\HK5\VXL\STM32\lab\lab_2\Lab2_ex\MXTmpFiles\license.tmp
2023-10-01 21:59:11,298 [INFO] CodeEngine:255 - oldGeneratedFile, C:\Users\Acer\Desktop\DHBK\HK5\VXL\STM32\lab\lab_2\Lab2_ex\MXTmpFiles\gpio.tmp_save
2023-10-01 21:59:11,474 [INFO] CodeEngine:279 - Generated code: C:\Users\Acer\Desktop\DHBK\HK5\VXL\STM32\lab\lab_2\Lab2_ex\MXTmpFiles\gpio.tmp
2023-10-01 21:59:11,551 [INFO] CodeEngine:255 - oldGeneratedFile, C:\Users\Acer\Desktop\DHBK\HK5\VXL\STM32\lab\lab_2\Lab2_ex\Core\Src\stm32f1xx_it.c_save
2023-10-01 21:59:12,006 [INFO] CodeEngine:279 - Generated code: C:\Users\Acer\Desktop\DHBK\HK5\VXL\STM32\lab\lab_2\Lab2_ex\Core\Src\stm32f1xx_it.c
2023-10-01 21:59:12,016 [INFO] CodeEngine:255 - oldGeneratedFile, C:\Users\Acer\Desktop\DHBK\HK5\VXL\STM32\lab\lab_2\Lab2_ex\Core\Inc\stm32f1xx_it.h_save
2023-10-01 21:59:12,129 [INFO] CodeEngine:279 - Generated code: C:\Users\Acer\Desktop\DHBK\HK5\VXL\STM32\lab\lab_2\Lab2_ex\Core\Inc\stm32f1xx_it.h
2023-10-01 21:59:12,181 [INFO] CodeEngine:255 - oldGeneratedFile, C:\Users\Acer\Desktop\DHBK\HK5\VXL\STM32\lab\lab_2\Lab2_ex\Core\Src\stm32f1xx_hal_msp.c_save
2023-10-01 21:59:12,361 [INFO] CodeEngine:279 - Generated code: C:\Users\Acer\Desktop\DHBK\HK5\VXL\STM32\lab\lab_2\Lab2_ex\Core\Src\stm32f1xx_hal_msp.c
2023-10-01 21:59:12,371 [INFO] CodeEngine:255 - oldGeneratedFile, C:\Users\Acer\Desktop\DHBK\HK5\VXL\STM32\lab\lab_2\Lab2_ex\MXTmpFiles\system.tmp_save
2023-10-01 21:59:12,465 [INFO] CodeEngine:279 - Generated code: C:\Users\Acer\Desktop\DHBK\HK5\VXL\STM32\lab\lab_2\Lab2_ex\MXTmpFiles\system.tmp
2023-10-01 21:59:12,494 [INFO] CodeEngine:311 - oldGeneratedFile, C:\Users\Acer\Desktop\DHBK\HK5\VXL\STM32\lab\lab_2\Lab2_ex\Core\Inc\stm32f1xx_hal_conf.h_save
2023-10-01 21:59:12,619 [INFO] CodeEngine:335 - Generated code: C:\Users\Acer\Desktop\DHBK\HK5\VXL\STM32\lab\lab_2\Lab2_ex\Core\Inc\stm32f1xx_hal_conf.h
2023-10-01 21:59:12,641 [WARN] IPConfigManager:3431 - IP not found : TIM
2023-10-01 21:59:12,642 [WARN] CodeGenerator:3754 - IP not found : null
2023-10-01 21:59:12,664 [INFO] CodeEngine:255 - oldGeneratedFile, C:\Users\Acer\Desktop\DHBK\HK5\VXL\STM32\lab\lab_2\Lab2_ex\Core\Inc\main.h_save
2023-10-01 21:59:12,771 [INFO] CodeEngine:279 - Generated code: C:\Users\Acer\Desktop\DHBK\HK5\VXL\STM32\lab\lab_2\Lab2_ex\Core\Inc\main.h
2023-10-01 21:59:12,800 [INFO] CodeEngine:255 - oldGeneratedFile, C:\Users\Acer\Desktop\DHBK\HK5\VXL\STM32\lab\lab_2\Lab2_ex\Core\Src\main.c_save
2023-10-01 21:59:12,917 [INFO] CodeEngine:279 - Generated code: C:\Users\Acer\Desktop\DHBK\HK5\VXL\STM32\lab\lab_2\Lab2_ex\Core\Src\main.c
2023-10-01 21:59:13,662 [INFO] ProjectBuilder:2996 - Time for Copy HAL[1] : 300mS.
2023-10-01 21:59:13,667 [INFO] ProjectBuilder:4304 - Project Generator version: 3.19.2
2023-10-01 21:59:14,069 [INFO] ConfigFileManager:1483 - The Die is : DIE412
2023-10-01 21:59:16,144 [INFO] ProjectBuilder:4505 - Time for Generating toolchain IDE Files: 2477mS.
2023-10-01 21:59:16,145 [INFO] ProjectBuilder:2867 - Time for Copy CMSIS : 1mS.
2023-10-01 21:59:16,152 [INFO] ProjectBuilder:2867 - Time for Copy CMSIS : 0mS.
2023-10-01 21:59:47,810 [INFO] UtilMem:75 - End SaveConfig() Used Memory: 567765488 Bytes (968884224)
2023-10-01 21:59:48,860 [INFO] UtilMem:75 - End SaveConfig() Used Memory: 555129728 Bytes (968884224)
2023-10-01 21:59:51,566 [INFO] UtilMem:75 - End SaveConfig() Used Memory: 656315264 Bytes (968884224)
2023-10-01 21:59:52,049 [INFO] BlockDiagram:2759 - set Specific Code input for plugin: NVIC
2023-10-01 21:59:52,050 [INFO] BlockDiagram:2759 - set Specific Code input for plugin: GPIO
2023-10-01 21:59:52,050 [INFO] BlockDiagram:2759 - set Specific Code input for plugin: RCC
2023-10-01 21:59:52,050 [INFO] BlockDiagram:2759 - set Specific Code input for plugin: TIM1_8F1
2023-10-01 21:59:52,052 [INFO] CodeGenerator:793 - code generatio: config db path: C:\Users\Acer\Desktop\DHBK\HK5\VXL\STM32\STM32CubeIDE_1.12.1\STM32CubeIDE\plugins\com.st.stm32cube.common.mx_6.8.1.202304191431\\db\
2023-10-01 21:59:52,278 [INFO] CodeEngine:255 - oldGeneratedFile, C:\Users\Acer\Desktop\DHBK\HK5\VXL\STM32\lab\lab_2\Lab2_ex\MXTmpFiles\license.tmp_save
2023-10-01 21:59:52,451 [INFO] CodeEngine:279 - Generated code: C:\Users\Acer\Desktop\DHBK\HK5\VXL\STM32\lab\lab_2\Lab2_ex\MXTmpFiles\license.tmp
2023-10-01 21:59:52,496 [INFO] CodeEngine:255 - oldGeneratedFile, C:\Users\Acer\Desktop\DHBK\HK5\VXL\STM32\lab\lab_2\Lab2_ex\MXTmpFiles\gpio.tmp_save
2023-10-01 21:59:52,662 [INFO] CodeEngine:279 - Generated code: C:\Users\Acer\Desktop\DHBK\HK5\VXL\STM32\lab\lab_2\Lab2_ex\MXTmpFiles\gpio.tmp
2023-10-01 21:59:52,727 [INFO] CodeEngine:255 - oldGeneratedFile, C:\Users\Acer\Desktop\DHBK\HK5\VXL\STM32\lab\lab_2\Lab2_ex\Core\Src\stm32f1xx_it.c_save
2023-10-01 21:59:52,825 [INFO] CodeEngine:279 - Generated code: C:\Users\Acer\Desktop\DHBK\HK5\VXL\STM32\lab\lab_2\Lab2_ex\Core\Src\stm32f1xx_it.c
2023-10-01 21:59:52,849 [INFO] CodeEngine:255 - oldGeneratedFile, C:\Users\Acer\Desktop\DHBK\HK5\VXL\STM32\lab\lab_2\Lab2_ex\Core\Inc\stm32f1xx_it.h_save
2023-10-01 21:59:52,929 [INFO] CodeEngine:279 - Generated code: C:\Users\Acer\Desktop\DHBK\HK5\VXL\STM32\lab\lab_2\Lab2_ex\Core\Inc\stm32f1xx_it.h
2023-10-01 21:59:52,964 [INFO] CodeEngine:255 - oldGeneratedFile, C:\Users\Acer\Desktop\DHBK\HK5\VXL\STM32\lab\lab_2\Lab2_ex\Core\Src\stm32f1xx_hal_msp.c_save
2023-10-01 21:59:53,056 [INFO] CodeEngine:279 - Generated code: C:\Users\Acer\Desktop\DHBK\HK5\VXL\STM32\lab\lab_2\Lab2_ex\Core\Src\stm32f1xx_hal_msp.c
2023-10-01 21:59:53,062 [INFO] CodeEngine:255 - oldGeneratedFile, C:\Users\Acer\Desktop\DHBK\HK5\VXL\STM32\lab\lab_2\Lab2_ex\MXTmpFiles\system.tmp_save
2023-10-01 21:59:53,125 [INFO] CodeEngine:279 - Generated code: C:\Users\Acer\Desktop\DHBK\HK5\VXL\STM32\lab\lab_2\Lab2_ex\MXTmpFiles\system.tmp
2023-10-01 21:59:53,146 [INFO] CodeEngine:311 - oldGeneratedFile, C:\Users\Acer\Desktop\DHBK\HK5\VXL\STM32\lab\lab_2\Lab2_ex\Core\Inc\stm32f1xx_hal_conf.h_save
2023-10-01 21:59:53,249 [INFO] CodeEngine:335 - Generated code: C:\Users\Acer\Desktop\DHBK\HK5\VXL\STM32\lab\lab_2\Lab2_ex\Core\Inc\stm32f1xx_hal_conf.h
2023-10-01 21:59:53,269 [WARN] IPConfigManager:3431 - IP not found : TIM
2023-10-01 21:59:53,270 [WARN] CodeGenerator:3754 - IP not found : null
2023-10-01 21:59:53,289 [INFO] CodeEngine:255 - oldGeneratedFile, C:\Users\Acer\Desktop\DHBK\HK5\VXL\STM32\lab\lab_2\Lab2_ex\Core\Inc\main.h_save
2023-10-01 21:59:53,374 [INFO] CodeEngine:279 - Generated code: C:\Users\Acer\Desktop\DHBK\HK5\VXL\STM32\lab\lab_2\Lab2_ex\Core\Inc\main.h
2023-10-01 21:59:53,391 [INFO] CodeEngine:255 - oldGeneratedFile, C:\Users\Acer\Desktop\DHBK\HK5\VXL\STM32\lab\lab_2\Lab2_ex\Core\Src\main.c_save
2023-10-01 21:59:53,483 [INFO] CodeEngine:279 - Generated code: C:\Users\Acer\Desktop\DHBK\HK5\VXL\STM32\lab\lab_2\Lab2_ex\Core\Src\main.c
2023-10-01 21:59:54,368 [INFO] ProjectBuilder:2996 - Time for Copy HAL[1] : 227mS.
2023-10-01 21:59:54,371 [INFO] ProjectBuilder:4304 - Project Generator version: 3.19.2
2023-10-01 21:59:54,754 [INFO] ConfigFileManager:1483 - The Die is : DIE412
2023-10-01 21:59:56,724 [INFO] ProjectBuilder:4505 - Time for Generating toolchain IDE Files: 2352mS.
2023-10-01 21:59:56,725 [INFO] ProjectBuilder:2867 - Time for Copy CMSIS : 1mS.
2023-10-01 21:59:56,731 [INFO] ProjectBuilder:2867 - Time for Copy CMSIS : 0mS.
2023-10-01 22:11:20,043 [INFO] NvicIntPanel:101 - NVIC parent = com.st.microxplorer.plugins.ip.nvic.MultiNvicIntPanel[,0,0,453x169,layout=javax.swing.BoxLayout,alignmentX=0.0,alignmentY=0.0,border=,flags=9,maximumSize=,minimumSize=,preferredSize=]
2023-10-01 22:11:44,770 [INFO] NvicIntPanel:101 - NVIC parent = com.st.microxplorer.plugins.ip.nvic.MultiNvicIntPanel[,0,0,0x0,invalid,layout=javax.swing.BoxLayout,alignmentX=0.0,alignmentY=0.0,border=,flags=9,maximumSize=,minimumSize=,preferredSize=]
