2023-10-04 16:00:31,053 [INFO] Activator:176 - 


2023-10-04 16:00:31,061 [INFO] Activator:177 - !SESSION log4j initialized
2023-10-04 16:00:37,003 [INFO] LogOutputStream:77 - [STDOUT_REDIRECT] 
2023-10-04 16:01:04,170 [ERROR] LogOutputStream:75 - [STDERR_REDIRECT] SLF4J: Failed to load class "org.slf4j.impl.StaticLoggerBinder".
2023-10-04 16:01:04,172 [ERROR] LogOutputStream:75 - [STDERR_REDIRECT] SLF4J: Defaulting to no-operation (NOP) logger implementation
2023-10-04 16:01:04,174 [ERROR] LogOutputStream:75 - [STDERR_REDIRECT] SLF4J: See http://www.slf4j.org/codes.html#StaticLoggerBinder for further details.
2023-10-04 23:57:46,844 [INFO] Activator:176 - 


2023-10-04 23:57:46,847 [INFO] Activator:177 - !SESSION log4j initialized
2023-10-04 23:57:58,541 [INFO] LogOutputStream:77 - [STDOUT_REDIRECT] 
2023-10-04 23:58:25,986 [ERROR] LogOutputStream:75 - [STDERR_REDIRECT] SLF4J: Failed to load class "org.slf4j.impl.StaticLoggerBinder".
2023-10-04 23:58:25,987 [ERROR] LogOutputStream:75 - [STDERR_REDIRECT] SLF4J: Defaulting to no-operation (NOP) logger implementation
2023-10-04 23:58:25,988 [ERROR] LogOutputStream:75 - [STDERR_REDIRECT] SLF4J: See http://www.slf4j.org/codes.html#StaticLoggerBinder for further details.
2023-10-05 15:55:54,605 [INFO] Activator:176 - 


2023-10-05 15:55:54,607 [INFO] Activator:177 - !SESSION log4j initialized
2023-10-05 15:56:00,713 [INFO] LogOutputStream:77 - [STDOUT_REDIRECT] 
2023-10-05 15:56:27,093 [ERROR] LogOutputStream:75 - [STDERR_REDIRECT] SLF4J: Failed to load class "org.slf4j.impl.StaticLoggerBinder".
2023-10-05 15:56:27,094 [ERROR] LogOutputStream:75 - [STDERR_REDIRECT] SLF4J: Defaulting to no-operation (NOP) logger implementation
2023-10-05 15:56:27,094 [ERROR] LogOutputStream:75 - [STDERR_REDIRECT] SLF4J: See http://www.slf4j.org/codes.html#StaticLoggerBinder for further details.
2023-10-05 16:29:18,163 [ERROR] ConfigurationRetriever:142 - IOException on connection: Read timed out
2023-10-05 16:42:06,786 [INFO] Activator:176 - 


2023-10-05 16:42:06,789 [INFO] Activator:177 - !SESSION log4j initialized
2023-10-05 16:42:13,317 [INFO] LogOutputStream:77 - [STDOUT_REDIRECT] 
2023-10-05 16:42:39,880 [ERROR] LogOutputStream:75 - [STDERR_REDIRECT] SLF4J: Failed to load class "org.slf4j.impl.StaticLoggerBinder".
2023-10-05 16:42:39,881 [ERROR] LogOutputStream:75 - [STDERR_REDIRECT] SLF4J: Defaulting to no-operation (NOP) logger implementation
2023-10-05 16:42:39,883 [ERROR] LogOutputStream:75 - [STDERR_REDIRECT] SLF4J: See http://www.slf4j.org/codes.html#StaticLoggerBinder for further details.
