2023-09-22 14:58:51,526 [INFO] Activator:176 - 


2023-09-22 14:58:51,537 [INFO] Activator:177 - !SESSION log4j initialized
2023-09-22 14:58:59,571 [INFO] LogOutputStream:77 - [STDOUT_REDIRECT] 
2023-09-22 14:59:06,867 [INFO] ApplicationProperties:184 - Using Application install path: C:\Users\Acer\Desktop\DHBK\HK5\VXL\STM32\STM32CubeIDE_1.12.1\STM32CubeIDE\plugins\com.st.stm32cube.common.mx_6.8.1.202304191431
2023-09-22 14:59:06,904 [INFO] DbMcusXml:78 - Set database path to: C:\Users\Acer\Desktop\DHBK\HK5\VXL\STM32\STM32CubeIDE_1.12.1\STM32CubeIDE\plugins\com.st.stm32cube.common.mx_6.8.1.202304191431\\db\/mcu/
2023-09-22 14:59:06,904 [INFO] ApiDb:274 - Set plugin database path to: C:\Users\Acer\Desktop\DHBK\HK5\VXL\STM32\STM32CubeIDE_1.12.1\STM32CubeIDE\plugins\com.st.stm32cube.common.mx_6.8.1.202304191431\\db\/plugins/boardmanager/
2023-09-22 14:59:06,909 [WARN] ApiDb:259 - Overriding images path with different value:  => C:\Users\Acer\Desktop\DHBK\HK5\VXL\STM32\STM32CubeIDE_1.12.1\STM32CubeIDE\plugins\com.st.stm32cube.common.mx_6.8.1.202304191431\\db\/plugins/mcufinder/images/
2023-09-22 14:59:06,934 [INFO] ApiDb:250 - Set database path to: C:\Users\Acer\.stmcufinder\plugins\mcufinder//mcu/
2023-09-22 14:59:06,937 [INFO] DbMcusAds:125 - Set database path to: C:\Users\Acer\.stmcufinder\plugins\mcufinder//mcu/
2023-09-22 14:59:06,940 [INFO] CrossReferenceDbSqlite:203 - Set database path to: C:\Users\Acer\.stmcufinder\plugins\mcufinder//mcu/cs/
2023-09-22 14:59:07,130 [INFO] RulesReader:64 - Compatibility file has been processed (293 Rules)
2023-09-22 14:59:07,258 [INFO] DbMcusXml:78 - Set database path to: C:\Users\Acer\Desktop\DHBK\HK5\VXL\STM32\STM32CubeIDE_1.12.1\STM32CubeIDE\plugins\com.st.stm32cube.common.mx_6.8.1.202304191431\\db\/mcu/
2023-09-22 14:59:07,259 [INFO] ApiDb:274 - Set plugin database path to: C:\Users\Acer\Desktop\DHBK\HK5\VXL\STM32\STM32CubeIDE_1.12.1\STM32CubeIDE\plugins\com.st.stm32cube.common.mx_6.8.1.202304191431\\db\/plugins/boardmanager/
2023-09-22 14:59:07,259 [INFO] ApiDb:261 - Set plugin images path to: C:\Users\Acer\Desktop\DHBK\HK5\VXL\STM32\STM32CubeIDE_1.12.1\STM32CubeIDE\plugins\com.st.stm32cube.common.mx_6.8.1.202304191431\\db\/plugins/mcufinder/images/
2023-09-22 14:59:07,260 [WARN] DbFile:41 - Overriding database path with different value: C:\Users\Acer\.stmcufinder\plugins\mcufinder/ => C:\Users\Acer\.stmcufinder\plugins\mcufinder
2023-09-22 14:59:07,260 [INFO] ApiDb:250 - Set database path to: C:\Users\Acer\.stmcufinder\plugins\mcufinder//mcu/
2023-09-22 14:59:07,260 [WARN] DbFile:41 - Overriding database path with different value: C:\Users\Acer\.stmcufinder\plugins\mcufinder/ => C:\Users\Acer\.stmcufinder\plugins\mcufinder
2023-09-22 14:59:07,260 [INFO] DbMcusAds:125 - Set database path to: C:\Users\Acer\.stmcufinder\plugins\mcufinder//mcu/
2023-09-22 14:59:07,260 [WARN] DbFile:41 - Overriding database path with different value: C:\Users\Acer\.stmcufinder\plugins\mcufinder/ => C:\Users\Acer\.stmcufinder\plugins\mcufinder
2023-09-22 14:59:07,261 [WARN] DbFile:41 - Overriding database path with different value: C:\Users\Acer\.stmcufinder\plugins\mcufinder/ => C:\Users\Acer\.stmcufinder\plugins\mcufinder
2023-09-22 14:59:07,261 [INFO] CrossReferenceDbSqlite:203 - Set database path to: C:\Users\Acer\.stmcufinder\plugins\mcufinder//mcu/cs/
2023-09-22 14:59:07,385 [INFO] MainPanel:253 - HeapMemory: 268435456
2023-09-22 14:59:07,539 [INFO] DbMcusXml:78 - Set database path to: C:\Users\Acer\Desktop\DHBK\HK5\VXL\STM32\STM32CubeIDE_1.12.1\STM32CubeIDE\plugins\com.st.stm32cube.common.mx_6.8.1.202304191431\\db\/mcu/
2023-09-22 14:59:07,539 [INFO] ApiDb:274 - Set plugin database path to: C:\Users\Acer\Desktop\DHBK\HK5\VXL\STM32\STM32CubeIDE_1.12.1\STM32CubeIDE\plugins\com.st.stm32cube.common.mx_6.8.1.202304191431\\db\/plugins/boardmanager/
2023-09-22 14:59:07,539 [INFO] ApiDb:261 - Set plugin images path to: C:\Users\Acer\Desktop\DHBK\HK5\VXL\STM32\STM32CubeIDE_1.12.1\STM32CubeIDE\plugins\com.st.stm32cube.common.mx_6.8.1.202304191431\\db\/plugins/mcufinder/images/
2023-09-22 14:59:07,540 [WARN] DbFile:41 - Overriding database path with different value: C:\Users\Acer\.stmcufinder\plugins\mcufinder/ => C:\Users\Acer\.stmcufinder\plugins\mcufinder
2023-09-22 14:59:07,541 [INFO] ApiDb:250 - Set database path to: C:\Users\Acer\.stmcufinder\plugins\mcufinder//mcu/
2023-09-22 14:59:07,541 [WARN] DbFile:41 - Overriding database path with different value: C:\Users\Acer\.stmcufinder\plugins\mcufinder/ => C:\Users\Acer\.stmcufinder\plugins\mcufinder
2023-09-22 14:59:07,541 [INFO] DbMcusAds:125 - Set database path to: C:\Users\Acer\.stmcufinder\plugins\mcufinder//mcu/
2023-09-22 14:59:07,541 [WARN] DbFile:41 - Overriding database path with different value: C:\Users\Acer\.stmcufinder\plugins\mcufinder/ => C:\Users\Acer\.stmcufinder\plugins\mcufinder
2023-09-22 14:59:07,541 [WARN] DbFile:41 - Overriding database path with different value: C:\Users\Acer\.stmcufinder\plugins\mcufinder/ => C:\Users\Acer\.stmcufinder\plugins\mcufinder
2023-09-22 14:59:07,541 [INFO] CrossReferenceDbSqlite:203 - Set database path to: C:\Users\Acer\.stmcufinder\plugins\mcufinder//mcu/cs/
2023-09-22 14:59:07,569 [INFO] ApplicationProperties:184 - Using Application install path: C:\Users\Acer\Desktop\DHBK\HK5\VXL\STM32\STM32CubeIDE_1.12.1\STM32CubeIDE\plugins\com.st.stm32cube.common.mx_6.8.1.202304191431
2023-09-22 14:59:07,571 [INFO] PluginManage:196 - Search for loadable plugins [exclusion list=, ]
2023-09-22 14:59:07,573 [INFO] PluginManage:310 - Check plugin analytics
2023-09-22 14:59:12,791 [INFO] AnalyticsPlugin:253 - Accepted Software Licenses: 
2023-09-22 14:59:12,791 [INFO] AnalyticsPlugin:255 - Accepted CMSIS Pack Licenses: 
2023-09-22 14:59:12,792 [INFO] AnalyticsPlugin:257 - Accepted Firmware Licenses: 
2023-09-22 14:59:12,809 [INFO] PluginManage:359 - Loaded plugin analytics (category:tool,tabindex:-1)
2023-09-22 14:59:12,809 [INFO] PluginManage:310 - Check plugin cadmodel
2023-09-22 14:59:12,828 [INFO] CADModel:105 - Init CAD model plugin
2023-09-22 14:59:12,829 [INFO] PluginManage:359 - Loaded plugin cadmodel (category:power,tabindex:5)
2023-09-22 14:59:12,829 [INFO] PluginManage:310 - Check plugin clock
2023-09-22 14:59:12,855 [INFO] PluginManage:359 - Loaded plugin clock (category:base,tabindex:2)
2023-09-22 14:59:12,855 [INFO] PluginManage:310 - Check plugin ddr
2023-09-22 14:59:12,859 [INFO] PluginManage:359 - Loaded plugin ddr (category:tool,tabindex:6)
2023-09-22 14:59:12,859 [INFO] PluginManage:310 - Check plugin filemanager
2023-09-22 14:59:13,048 [INFO] PluginManage:359 - Loaded plugin filemanager (category:base,tabindex:10)
2023-09-22 14:59:13,048 [INFO] PluginManage:310 - Check plugin ipmanager
2023-09-22 14:59:13,060 [INFO] PluginManage:359 - Loaded plugin ipmanager (category:base,tabindex:5)
2023-09-22 14:59:13,060 [INFO] PluginManage:310 - Check plugin lpbam
2023-09-22 14:59:13,090 [INFO] PluginManage:359 - Loaded plugin lpbam (category:base,tabindex:0)
2023-09-22 14:59:13,090 [INFO] PluginManage:310 - Check plugin pinoutandconfiguration
2023-09-22 14:59:13,114 [INFO] PluginManage:359 - Loaded plugin pinoutandconfiguration (category:base,tabindex:1)
2023-09-22 14:59:13,114 [INFO] PluginManage:310 - Check plugin pinoutconfig
2023-09-22 14:59:13,229 [WARN] SupportedApi:132 - Cannot load RTOS API schema: s4s-elt-must-match.1: The content of 'definitions' must match (annotation?, (simpleType | complexType)?, (unique | key | keyref)*)). A problem was found starting at: attribute.
2023-09-22 14:59:13,420 [INFO] PluginManage:359 - Loaded plugin pinoutconfig (category:base,tabindex:0)
2023-09-22 14:59:13,420 [INFO] PluginManage:310 - Check plugin power
2023-09-22 14:59:13,447 [INFO] PluginManage:359 - Loaded plugin power (category:power,tabindex:4)
2023-09-22 14:59:13,447 [INFO] PluginManage:310 - Check plugin projectmanager
2023-09-22 14:59:13,471 [INFO] PluginManage:359 - Loaded plugin projectmanager (category:projectmanager,tabindex:3)
2023-09-22 14:59:13,471 [INFO] PluginManage:310 - Check plugin thirdparty
2023-09-22 14:59:13,827 [WARN] IntegrityCheckThread:84 - waiting for thirdparty lock release [integrity check]
2023-09-22 14:59:13,828 [INFO] PluginManage:359 - Loaded plugin thirdparty (category:base,tabindex:-1)
2023-09-22 14:59:13,828 [INFO] IntegrityCheckThread:86 - entering critical section [integrity check]
2023-09-22 14:59:13,828 [INFO] PluginManage:310 - Check plugin tools
2023-09-22 14:59:13,830 [INFO] ThirdPartyUpdaterWithRetryManager:70 - Updater plugin not ready yet. [1/15]
2023-09-22 14:59:13,866 [INFO] PluginManage:359 - Loaded plugin tools (category:base,tabindex:7)
2023-09-22 14:59:13,866 [INFO] PluginManage:310 - Check plugin tutovideos
2023-09-22 14:59:14,172 [INFO] PluginManage:359 - Loaded plugin tutovideos (category:base,tabindex:-1)
2023-09-22 14:59:14,172 [INFO] PluginManage:310 - Check plugin updater
2023-09-22 14:59:14,195 [INFO] PluginManage:359 - Loaded plugin updater (category:base,tabindex:12)
2023-09-22 14:59:14,196 [INFO] PluginManage:283 - PluginManage : Loaded plugins [15]
2023-09-22 14:59:14,691 [INFO] PinOutPanel:1499 - setPackage(No Configuration,No Configuration)
2023-09-22 14:59:14,800 [INFO] CADModel:165 - CPN selected for project level
2023-09-22 14:59:14,800 [INFO] CADModel:114 - Register for checkConnection events
2023-09-22 14:59:14,842 [INFO] IPUIPlugin:80 - create IPUIPlugin
2023-09-22 14:59:14,842 [INFO] PluginManager:220 - loadIPPluginJar : add adc
2023-09-22 14:59:14,890 [INFO] IPUIPlugin:80 - create IPUIPlugin
2023-09-22 14:59:14,890 [INFO] PluginManager:220 - loadIPPluginJar : add aes
2023-09-22 14:59:14,943 [INFO] IPUIPlugin:80 - create IPUIPlugin
2023-09-22 14:59:14,943 [INFO] PluginManager:220 - loadIPPluginJar : add can
2023-09-22 14:59:14,971 [INFO] IPUIPlugin:80 - create IPUIPlugin
2023-09-22 14:59:14,971 [INFO] PluginManager:220 - loadIPPluginJar : add comp
2023-09-22 14:59:15,021 [INFO] IPUIPlugin:80 - create IPUIPlugin
2023-09-22 14:59:15,021 [INFO] PluginManager:220 - loadIPPluginJar : add cryp
2023-09-22 14:59:15,069 [INFO] IPUIPlugin:80 - create IPUIPlugin
2023-09-22 14:59:15,069 [INFO] PluginManager:220 - loadIPPluginJar : add dfsdm
2023-09-22 14:59:15,091 [INFO] IPUIPlugin:80 - create IPUIPlugin
2023-09-22 14:59:15,092 [INFO] PluginManager:220 - loadIPPluginJar : add dma
2023-09-22 14:59:15,148 [INFO] IPUIPlugin:80 - create IPUIPlugin
2023-09-22 14:59:15,149 [INFO] PluginManager:220 - loadIPPluginJar : add dma3
2023-09-22 14:59:15,174 [INFO] IPUIPlugin:80 - create IPUIPlugin
2023-09-22 14:59:15,174 [INFO] PluginManager:220 - loadIPPluginJar : add fatfs
2023-09-22 14:59:15,230 [INFO] IPUIPlugin:80 - create IPUIPlugin
2023-09-22 14:59:15,230 [INFO] PluginManager:220 - loadIPPluginJar : add fmc
2023-09-22 14:59:15,249 [INFO] IPUIPlugin:80 - create IPUIPlugin
2023-09-22 14:59:15,250 [INFO] PluginManager:220 - loadIPPluginJar : add freertos
2023-09-22 14:59:15,274 [INFO] IPUIPlugin:80 - create IPUIPlugin
2023-09-22 14:59:15,274 [INFO] PluginManager:220 - loadIPPluginJar : add genericplugin
2023-09-22 14:59:15,382 [INFO] IPUIPlugin:80 - create IPUIPlugin
2023-09-22 14:59:15,382 [INFO] PluginManager:220 - loadIPPluginJar : add gfxmmu
2023-09-22 14:59:15,557 [INFO] IPUIPlugin:80 - create IPUIPlugin
2023-09-22 14:59:15,557 [INFO] PluginManager:220 - loadIPPluginJar : add gic
2023-09-22 14:59:15,583 [INFO] IPUIPlugin:80 - create IPUIPlugin
2023-09-22 14:59:15,584 [INFO] PluginManager:220 - loadIPPluginJar : add gpio
2023-09-22 14:59:15,707 [INFO] IPUIPlugin:80 - create IPUIPlugin
2023-09-22 14:59:15,707 [INFO] PluginManager:220 - loadIPPluginJar : add gtzc
2023-09-22 14:59:15,755 [INFO] IPUIPlugin:80 - create IPUIPlugin
2023-09-22 14:59:15,755 [INFO] PluginManager:220 - loadIPPluginJar : add hash
2023-09-22 14:59:15,816 [INFO] IPUIPlugin:80 - create IPUIPlugin
2023-09-22 14:59:15,816 [INFO] PluginManager:220 - loadIPPluginJar : add i2c
2023-09-22 14:59:15,863 [INFO] IPUIPlugin:80 - create IPUIPlugin
2023-09-22 14:59:15,863 [INFO] PluginManager:220 - loadIPPluginJar : add i2s
2023-09-22 14:59:15,910 [INFO] IPUIPlugin:80 - create IPUIPlugin
2023-09-22 14:59:15,910 [INFO] PluginManager:220 - loadIPPluginJar : add i3c
2023-09-22 14:59:16,035 [INFO] IPUIPlugin:80 - create IPUIPlugin
2023-09-22 14:59:16,035 [INFO] PluginManager:220 - loadIPPluginJar : add ipddr
2023-09-22 14:59:16,152 [INFO] IPUIPlugin:80 - create IPUIPlugin
2023-09-22 14:59:16,152 [INFO] PluginManager:220 - loadIPPluginJar : add linkedlist
2023-09-22 14:59:16,195 [INFO] IPUIPlugin:80 - create IPUIPlugin
2023-09-22 14:59:16,195 [INFO] PluginManager:220 - loadIPPluginJar : add lorawan
2023-09-22 14:59:16,255 [INFO] IPUIPlugin:80 - create IPUIPlugin
2023-09-22 14:59:16,255 [INFO] PluginManager:220 - loadIPPluginJar : add ltdc
2023-09-22 14:59:16,280 [INFO] IPUIPlugin:80 - create IPUIPlugin
2023-09-22 14:59:16,280 [INFO] PluginManager:220 - loadIPPluginJar : add mdma
2023-09-22 14:59:16,302 [INFO] IPUIPlugin:80 - create IPUIPlugin
2023-09-22 14:59:16,303 [INFO] PluginManager:220 - loadIPPluginJar : add nvic
2023-09-22 14:59:16,368 [INFO] IPUIPlugin:80 - create IPUIPlugin
2023-09-22 14:59:16,368 [INFO] PluginManager:220 - loadIPPluginJar : add opamp
2023-09-22 14:59:16,442 [INFO] IPUIPlugin:80 - create IPUIPlugin
2023-09-22 14:59:16,443 [INFO] PluginManager:220 - loadIPPluginJar : add openamp
2023-09-22 14:59:16,496 [INFO] IPUIPlugin:80 - create IPUIPlugin
2023-09-22 14:59:16,497 [INFO] PluginManager:220 - loadIPPluginJar : add pdm2pcm
2023-09-22 14:59:16,518 [INFO] IPUIPlugin:80 - create IPUIPlugin
2023-09-22 14:59:16,523 [INFO] PluginManager:220 - loadIPPluginJar : add plateformsettings
2023-09-22 14:59:16,551 [INFO] IPUIPlugin:80 - create IPUIPlugin
2023-09-22 14:59:16,551 [INFO] PluginManager:220 - loadIPPluginJar : add quadspi
2023-09-22 14:59:16,568 [INFO] IPUIPlugin:80 - create IPUIPlugin
2023-09-22 14:59:16,569 [INFO] PluginManager:220 - loadIPPluginJar : add resmgrutility
2023-09-22 14:59:16,629 [INFO] IPUIPlugin:80 - create IPUIPlugin
2023-09-22 14:59:16,629 [INFO] PluginManager:220 - loadIPPluginJar : add sai
2023-09-22 14:59:16,678 [INFO] IPUIPlugin:80 - create IPUIPlugin
2023-09-22 14:59:16,678 [INFO] PluginManager:220 - loadIPPluginJar : add spi
2023-09-22 14:59:16,755 [INFO] IPUIPlugin:80 - create IPUIPlugin
2023-09-22 14:59:16,755 [INFO] PluginManager:220 - loadIPPluginJar : add stm32_wpan
2023-09-22 14:59:16,792 [INFO] IPUIPlugin:80 - create IPUIPlugin
2023-09-22 14:59:16,792 [INFO] PluginManager:220 - loadIPPluginJar : add tim
2023-09-22 14:59:16,832 [INFO] ThirdPartyUpdaterWithRetryManager:70 - Updater plugin not ready yet. [2/15]
2023-09-22 14:59:16,858 [INFO] IPUIPlugin:80 - create IPUIPlugin
2023-09-22 14:59:16,858 [INFO] PluginManager:220 - loadIPPluginJar : add touchsensing
2023-09-22 14:59:16,894 [INFO] IPUIPlugin:80 - create IPUIPlugin
2023-09-22 14:59:16,894 [INFO] PluginManager:220 - loadIPPluginJar : add tracer_emb
2023-09-22 14:59:16,922 [INFO] IPUIPlugin:80 - create IPUIPlugin
2023-09-22 14:59:16,922 [INFO] PluginManager:220 - loadIPPluginJar : add ts
2023-09-22 14:59:16,947 [INFO] IPUIPlugin:80 - create IPUIPlugin
2023-09-22 14:59:16,947 [INFO] PluginManager:220 - loadIPPluginJar : add tsc
2023-09-22 14:59:16,974 [INFO] IPUIPlugin:80 - create IPUIPlugin
2023-09-22 14:59:16,974 [INFO] PluginManager:220 - loadIPPluginJar : add ucpd
2023-09-22 14:59:17,026 [INFO] IPUIPlugin:80 - create IPUIPlugin
2023-09-22 14:59:17,026 [INFO] PluginManager:220 - loadIPPluginJar : add usart
2023-09-22 14:59:17,076 [INFO] IPUIPlugin:80 - create IPUIPlugin
2023-09-22 14:59:17,076 [INFO] PluginManager:220 - loadIPPluginJar : add usbx
2023-09-22 14:59:17,238 [INFO] CADModel:165 - CPN selected for project level
2023-09-22 14:59:17,238 [INFO] CADModel:114 - Register for checkConnection events
2023-09-22 14:59:17,239 [FATAL] Updater:308 - Updater called before beeing initialized
2023-09-22 14:59:17,240 [ERROR] CADModel:125 - Updater not yet initialized, retry later 
2023-09-22 14:59:17,520 [INFO] CADModel:165 - CPN selected for project level
2023-09-22 14:59:17,520 [INFO] CADModel:114 - Register for checkConnection events
2023-09-22 14:59:17,520 [FATAL] Updater:308 - Updater called before beeing initialized
2023-09-22 14:59:17,521 [ERROR] CADModel:125 - Updater not yet initialized, retry later 
2023-09-22 14:59:17,527 [FATAL] Updater:308 - Updater called before beeing initialized
2023-09-22 14:59:17,735 [FATAL] Updater:308 - Updater called before beeing initialized
2023-09-22 14:59:17,760 [INFO] DbMcusAds:53 - JSON generation date=Tue Mar 07 15:50:55 ICT 2023 (1678179055114)
2023-09-22 14:59:17,761 [FATAL] Updater:308 - Updater called before beeing initialized
2023-09-22 14:59:17,831 [WARN] DetailPanel:346 - Failed to get advertising image, set to default
2023-09-22 14:59:17,973 [FATAL] Updater:308 - Updater called before beeing initialized
2023-09-22 14:59:17,976 [FATAL] Updater:308 - Updater called before beeing initialized
2023-09-22 14:59:17,976 [FATAL] Updater:308 - Updater called before beeing initialized
2023-09-22 14:59:17,976 [WARN] DetailPanel:346 - Failed to get advertising image, set to default
2023-09-22 14:59:17,977 [FATAL] Updater:308 - Updater called before beeing initialized
2023-09-22 14:59:18,070 [ERROR] Updater:1120 - MainUpdater not yet initialized. External WinMGr cannot be set.
2023-09-22 14:59:18,083 [INFO] Updater:1056 - Updater Version found : 6.8.1
2023-09-22 14:59:18,107 [INFO] ApplicationProperties:184 - Using Application install path: C:\Users\Acer\Desktop\DHBK\HK5\VXL\STM32\STM32CubeIDE_1.12.1\STM32CubeIDE\plugins\com.st.stm32cube.common.mx_6.8.1.202304191431
2023-09-22 14:59:18,393 [INFO] MainUpdater:2854 - connection check result : 10
2023-09-22 14:59:18,394 [INFO] MainUpdater:3548 - Updater definition file requires update
2023-09-22 14:59:18,399 [INFO] MainUpdater:283 - Updater Check For Update Now.
2023-09-22 14:59:18,403 [INFO] MicroXplorer:498 - Change Database Version : DB.6.0.81
2023-09-22 14:59:18,488 [INFO] ServerAccessManage:473 - Download File updaters.zip
2023-09-22 14:59:18,689 [INFO] FileExtend:240 - Unzip File : updaters.zip
2023-09-22 14:59:18,690 [INFO] FileExtend:255 - Standard Zip Deflate
2023-09-22 14:59:19,391 [INFO] ServerAccessManage:473 - Download File PacksControlFlags.xml
2023-09-22 14:59:19,522 [INFO] ServerAccessManage:473 - Download File cubemx.pidx
2023-09-22 14:59:19,726 [INFO] LoadServerUpdatesThread:373 - End of LoadServerUpdate Thread
2023-09-22 14:59:19,832 [WARN] MainUpdater:1187 - Updater busy. Cannot search thirdparties
2023-09-22 14:59:19,833 [INFO] ThirdPartyUpdaterWithRetryManager:96 - Updater plugin is busy. [1/15]
2023-09-22 14:59:19,972 [INFO] CheckServerUpdateThread:120 - End of CheckServer Thread
2023-09-22 14:59:20,097 [INFO] MainUpdater:2854 - connection check result : 10
2023-09-22 14:59:20,110 [INFO] MainUpdater:2854 - connection check result : 10
2023-09-22 14:59:20,377 [INFO] MicroXplorer:468 - Change Database Path : 
2023-09-22 14:59:20,378 [INFO] MicroXplorer:498 - Change Database Version : DB.6.0.81
2023-09-22 14:59:20,378 [WARN] ThirdParty:871 - waiting for thirdparty lock release [close project]
2023-09-22 14:59:23,135 [WARN] PackLoader:240 - Cannot read IP mode file for STMicroelectronics.X-CUBE-SMBUS.2.1.0
2023-09-22 14:59:23,191 [WARN] PackLoader:240 - Cannot read IP mode file for STMicroelectronics.X-CUBE-AZRTOS-F7.1.1.0
2023-09-22 14:59:23,218 [WARN] PackLoader:240 - Cannot read IP mode file for STMicroelectronics.FP-SNS-MOTENV1.4.3.2
2023-09-22 14:59:23,246 [ERROR] RealEvaluatedCondition:428 - Found unsupported composite condition: GROUP='STM32_MetaDataManager' CLASS='Data Exchange'
2023-09-22 14:59:23,246 [ERROR] RealEvaluatedCondition:428 - Found unsupported composite condition: CLASS='Data Exchange' GROUP='STM32_MetaDataManager'
2023-09-22 14:59:23,248 [WARN] PackLoader:240 - Cannot read IP mode file for STMicroelectronics.FP-SNS-MOTENV1.4.3.1
2023-09-22 14:59:23,277 [WARN] PackLoader:240 - Cannot read IP mode file for STMicroelectronics.FP-SNS-FLIGHT1.5.0.1
2023-09-22 14:59:23,304 [WARN] PackLoader:240 - Cannot read IP mode file for STMicroelectronics.X-CUBE-BLE1.6.2.4
2023-09-22 14:59:23,322 [WARN] PackLoader:240 - Cannot read IP mode file for STMicroelectronics.FP-SNS-FLIGHT1.5.0.2
2023-09-22 14:59:23,347 [WARN] PackLoader:240 - Cannot read IP mode file for STMicroelectronics.X-CUBE-DISPLAY.3.0.0
2023-09-22 14:59:23,370 [WARN] PackLoader:240 - Cannot read IP mode file for STMicroelectronics.X-CUBE-BLE1.7.0.0
2023-09-22 14:59:23,388 [WARN] PackLoader:240 - Cannot read IP mode file for STMicroelectronics.X-CUBE-TOUCHGFX.4.22.0
2023-09-22 14:59:23,407 [WARN] PackLoader:240 - Cannot read IP mode file for WES.I-CUBE-Cesium.1.3.0
2023-09-22 14:59:23,424 [WARN] PackLoader:240 - Cannot read IP mode file for STMicroelectronics.X-CUBE-BLE2.3.3.0
2023-09-22 14:59:23,441 [WARN] PackLoader:240 - Cannot read IP mode file for STMicroelectronics.X-CUBE-TOUCHGFX.4.21.4
2023-09-22 14:59:23,459 [WARN] PackLoader:240 - Cannot read IP mode file for STMicroelectronics.X-CUBE-ALGOBUILD.1.3.0
2023-09-22 14:59:23,494 [WARN] PackLoader:240 - Cannot read IP mode file for STMicroelectronics.X-CUBE-AZRTOS-G0.1.1.0
2023-09-22 14:59:23,516 [WARN] PackLoader:240 - Cannot read IP mode file for STMicroelectronics.X-CUBE-NFC4.3.0.0
2023-09-22 14:59:23,532 [WARN] PackLoader:240 - Cannot read IP mode file for STMicroelectronics.FP-ATR-SIGFOX1.3.2.0
2023-09-22 14:59:23,604 [WARN] PackLoader:240 - Cannot read IP mode file for SEGGER.I-CUBE-embOS.1.3.1
2023-09-22 14:59:23,692 [WARN] PackLoader:240 - Cannot read IP mode file for STMicroelectronics.X-CUBE-GNSS1.6.0.0
2023-09-22 14:59:23,743 [WARN] PackLoader:240 - Cannot read IP mode file for STMicroelectronics.X-CUBE-AZRTOS-F4.1.1.0
2023-09-22 14:59:23,768 [WARN] PackLoader:240 - Cannot read IP mode file for wolfSSL.I-CUBE-wolfSSL.5.6.0
2023-09-22 14:59:23,816 [WARN] PackLoader:240 - Cannot read IP mode file for STMicroelectronics.X-CUBE-AZRTOS-L5.2.0.0
2023-09-22 14:59:23,890 [WARN] PackLoader:240 - Cannot read IP mode file for STMicroelectronics.X-CUBE-MEMS1.9.6.0
2023-09-22 14:59:24,144 [WARN] PackLoader:240 - Cannot read IP mode file for emotas.I-CUBE-CANOPEN.1.1.3
2023-09-22 14:59:24,164 [WARN] PackLoader:240 - Cannot read IP mode file for STMicroelectronics.X-CUBE-BLEMGR.2.0.0
2023-09-22 14:59:24,206 [WARN] ConditionMgr:438 - getConditionDescription Invalid condition id : UX DEVICE CLASS RTOS Condition cause : null
2023-09-22 14:59:24,206 [WARN] ConditionMgr:438 - getConditionDescription Invalid condition id : UX DEVICE CLASS RTOS Condition cause : null
2023-09-22 14:59:24,213 [WARN] PackLoader:240 - Cannot read IP mode file for STMicroelectronics.X-CUBE-AZRTOS-H7.3.1.0
2023-09-22 14:59:24,214 [WARN] ConditionMgr:1039 - genDependencies : Invalid condition id : UX DEVICE CLASS RTOS Condition cause : null
2023-09-22 14:59:24,214 [WARN] ConditionMgr:1039 - genDependencies : Invalid condition id : UX DEVICE CLASS RTOS Condition cause : null
2023-09-22 14:59:24,215 [WARN] ConditionMgr:1039 - genDependencies : Invalid condition id : UX DEVICE CLASS RTOS Condition cause : null
2023-09-22 14:59:24,216 [WARN] ConditionMgr:1039 - genDependencies : Invalid condition id : UX DEVICE CLASS RTOS Condition cause : null
2023-09-22 14:59:24,216 [WARN] ConditionMgr:1039 - genDependencies : Invalid condition id : UX DEVICE CLASS RTOS Condition cause : null
2023-09-22 14:59:24,235 [WARN] PackLoader:240 - Cannot read IP mode file for STMicroelectronics.X-CUBE-NFC7.1.0.1
2023-09-22 14:59:24,253 [WARN] PackLoader:240 - Cannot read IP mode file for STMicroelectronics.X-CUBE-NFC7.1.0.0
2023-09-22 14:59:24,273 [WARN] PackLoader:240 - Cannot read IP mode file for STMicroelectronics.X-CUBE-EEPRMA1.4.1.0
2023-09-22 14:59:24,292 [WARN] PackLoader:240 - Cannot read IP mode file for STMicroelectronics.X-CUBE-AI.8.1.0
2023-09-22 14:59:24,346 [WARN] ConditionMgr:438 - getConditionDescription Invalid condition id : LAN8742 Phy interface Condition cause : null
2023-09-22 14:59:24,347 [WARN] PackLoader:240 - Cannot read IP mode file for STMicroelectronics.X-CUBE-AZRTOS-L4.2.0.0
2023-09-22 14:59:24,350 [WARN] ConditionMgr:1039 - genDependencies : Invalid condition id : LAN8742 Phy interface Condition cause : null
2023-09-22 14:59:24,351 [WARN] ConditionMgr:1039 - genDependencies : Invalid condition id : LAN8742 Phy interface Condition cause : null
2023-09-22 14:59:24,352 [WARN] ConditionMgr:1039 - genDependencies : Invalid condition id : LAN8742 Phy interface Condition cause : null
2023-09-22 14:59:24,380 [WARN] PackLoader:240 - Cannot read IP mode file for STMicroelectronics.X-CUBE-SFXS2LP1.4.0.0
2023-09-22 14:59:24,401 [WARN] PackLoader:240 - Cannot read IP mode file for STMicroelectronics.X-CUBE-ISPU.1.1.0
2023-09-22 14:59:24,446 [WARN] ConditionMgr:438 - getConditionDescription Invalid condition id : UX DEVICE CLASS RTOS Condition cause : null
2023-09-22 14:59:24,446 [WARN] ConditionMgr:438 - getConditionDescription Invalid condition id : UX DEVICE CLASS RTOS Condition cause : null
2023-09-22 14:59:24,449 [WARN] PackLoader:240 - Cannot read IP mode file for STMicroelectronics.X-CUBE-AZRTOS-WB.2.0.0
2023-09-22 14:59:24,451 [WARN] ConditionMgr:1039 - genDependencies : Invalid condition id : UX DEVICE CLASS RTOS Condition cause : null
2023-09-22 14:59:24,451 [WARN] ConditionMgr:1039 - genDependencies : Invalid condition id : UX DEVICE CLASS RTOS Condition cause : null
2023-09-22 14:59:24,452 [WARN] ConditionMgr:1039 - genDependencies : Invalid condition id : UX DEVICE CLASS RTOS Condition cause : null
2023-09-22 14:59:24,452 [WARN] ConditionMgr:1039 - genDependencies : Invalid condition id : UX DEVICE CLASS RTOS Condition cause : null
2023-09-22 14:59:24,452 [WARN] ConditionMgr:1039 - genDependencies : Invalid condition id : UX DEVICE CLASS RTOS Condition cause : null
2023-09-22 14:59:24,471 [WARN] PackLoader:240 - Cannot read IP mode file for STMicroelectronics.X-CUBE-FREERTOS.1.0.1
2023-09-22 14:59:24,513 [WARN] PackLoader:240 - Cannot read IP mode file for STMicroelectronics.X-CUBE-AZRTOS-L5.1.1.0
2023-09-22 14:59:24,538 [WARN] PackLoader:240 - Cannot read IP mode file for STMicroelectronics.X-CUBE-AI.8.0.1
2023-09-22 14:59:24,566 [WARN] PackLoader:240 - Cannot read IP mode file for STMicroelectronics.X-CUBE-SUBG2.5.0.0
2023-09-22 14:59:24,604 [WARN] PackLoader:240 - Cannot read IP mode file for STMicroelectronics.X-CUBE-TOF1.3.3.1
2023-09-22 14:59:24,650 [WARN] PackLoader:240 - Cannot read IP mode file for STMicroelectronics.X-CUBE-AZRTOS-G4.2.0.0
2023-09-22 14:59:24,680 [WARN] PackLoader:240 - Cannot read IP mode file for STMicroelectronics.X-CUBE-TOF1.3.3.0
2023-09-22 14:59:24,712 [WARN] PackLoader:240 - Cannot read IP mode file for STMicroelectronics.X-CUBE-FREERTOS.1.1.0
2023-09-22 14:59:24,735 [WARN] PackLoader:240 - Cannot read IP mode file for portGmbH.I-Cube-SoM-uGOAL.1.1.0
2023-09-22 14:59:24,755 [WARN] PackLoader:240 - Cannot read IP mode file for STMicroelectronics.X-CUBE-ALS.1.0.1
2023-09-22 14:59:24,787 [WARN] PackLoader:240 - Cannot read IP mode file for STMicroelectronics.X-CUBE-AZRTOS-WB.1.1.0
2023-09-22 14:59:24,803 [WARN] PackLoader:240 - Cannot read IP mode file for STMicroelectronics.FP-ATR-ASTRA1.2.0.0
2023-09-22 14:59:24,804 [INFO] ThirdParty:978 - Integrity check success = true
2023-09-22 14:59:24,804 [INFO] IntegrityCheckThread:100 - exiting critical section [integrity check]
2023-09-22 14:59:24,804 [INFO] IntegrityCheckThread:103 - End integrity checks thread
2023-09-22 14:59:24,805 [INFO] ThirdParty:873 - entering critical section [close project]
2023-09-22 14:59:24,806 [INFO] ThirdParty:883 - exiting critical section [close project]
2023-09-22 14:59:24,813 [INFO] PinOutPanel:1499 - setPackage(No Configuration,No Configuration)
2023-09-22 14:59:24,822 [INFO] UtilMem:75 - Begin LoadConfig() Used Memory: 161974920 Bytes (268435456)
2023-09-22 14:59:24,824 [INFO] MicroXplorer:468 - Change Database Path : 
2023-09-22 14:59:24,825 [INFO] MicroXplorer:498 - Change Database Version : DB.6.0.81
2023-09-22 14:59:24,825 [INFO] OpenFileManager:308 - Change cursor
2023-09-22 14:59:24,886 [INFO] Mcu:1937 - Initializing MCU STM32F103C(4-6)Tx STM32F103C6Tx STM32F103C6T6A
2023-09-22 14:59:26,398 [INFO] Context:659 - Trying to add GPIOservice into a context  which must be forbidden
2023-09-22 14:59:26,783 [ERROR] LogOutputStream:75 - [STDERR_REDIRECT] SLF4J: Failed to load class "org.slf4j.impl.StaticLoggerBinder".
2023-09-22 14:59:26,784 [ERROR] LogOutputStream:75 - [STDERR_REDIRECT] SLF4J: Defaulting to no-operation (NOP) logger implementation
2023-09-22 14:59:26,787 [ERROR] LogOutputStream:75 - [STDERR_REDIRECT] SLF4J: See http://www.slf4j.org/codes.html#StaticLoggerBinder for further details.
2023-09-22 14:59:27,300 [INFO] RtosManager:555 - Registered RTOS mode: class=CMSIS, group=RTOS, mode=CMSIS_V1, owner=FREERTOS
2023-09-22 14:59:27,301 [INFO] RtosManager:555 - Registered RTOS mode: class=CMSIS, group=RTOS2, mode=CMSIS_V2, owner=FREERTOS
2023-09-22 14:59:27,301 [INFO] RtosManager:555 - Registered RTOS mode: class=RTOS, group=Core, mode=CMSIS_V1, owner=FREERTOS
2023-09-22 14:59:27,301 [INFO] RtosManager:555 - Registered RTOS mode: class=RTOS, group=Core, mode=CMSIS_V2, owner=FREERTOS
2023-09-22 14:59:27,302 [WARN] ModelIntegratedComponent:184 - Missing modes for component STMicroelectronics:FreeRTOS:0.0.1:STMicroelectronics:RTOS:FreeRTOS:Core:::10.2.0:
2023-09-22 14:59:27,331 [WARN] ModelIntegratedComponent:63 - No mode defined for component null
2023-09-22 14:59:27,331 [WARN] ModelIntegratedComponent:63 - No mode defined for component null
2023-09-22 14:59:27,331 [WARN] ModelIntegratedComponent:63 - No mode defined for component null
2023-09-22 14:59:27,331 [WARN] ModelIntegratedComponent:63 - No mode defined for component null
2023-09-22 14:59:27,331 [WARN] ModelIntegratedComponent:63 - No mode defined for component null
2023-09-22 14:59:27,331 [WARN] ModelIntegratedComponent:63 - No mode defined for component null
2023-09-22 14:59:27,331 [WARN] ModelIntegratedComponent:63 - No mode defined for component null
2023-09-22 14:59:27,331 [WARN] ModelIntegratedComponent:63 - No mode defined for component null
2023-09-22 14:59:27,331 [WARN] ModelIntegratedComponent:63 - No mode defined for component null
2023-09-22 14:59:27,331 [WARN] ModelIntegratedComponent:63 - No mode defined for component null
2023-09-22 14:59:27,332 [WARN] ModelIntegratedComponent:63 - No mode defined for component null
2023-09-22 14:59:27,332 [WARN] ModelIntegratedComponent:63 - No mode defined for component null
2023-09-22 14:59:27,332 [WARN] ModelIntegratedComponent:63 - No mode defined for component null
2023-09-22 14:59:27,332 [WARN] ModelIntegratedComponent:63 - No mode defined for component null
2023-09-22 14:59:27,332 [WARN] ModelIntegratedComponent:63 - No mode defined for component null
2023-09-22 14:59:27,332 [WARN] ModelIntegratedComponent:63 - No mode defined for component null
2023-09-22 14:59:27,332 [WARN] ModelIntegratedComponent:63 - No mode defined for component null
2023-09-22 14:59:27,332 [WARN] ModelIntegratedComponent:63 - No mode defined for component null
2023-09-22 14:59:27,332 [WARN] ModelIntegratedComponent:63 - No mode defined for component null
2023-09-22 14:59:27,332 [WARN] ModelIntegratedComponent:63 - No mode defined for component null
2023-09-22 14:59:27,332 [WARN] ModelIntegratedComponent:63 - No mode defined for component null
2023-09-22 14:59:27,332 [WARN] ModelIntegratedComponent:63 - No mode defined for component null
2023-09-22 14:59:27,332 [WARN] ModelIntegratedComponent:63 - No mode defined for component null
2023-09-22 14:59:27,332 [WARN] ModelIntegratedComponent:63 - No mode defined for component null
2023-09-22 14:59:27,333 [WARN] ModelIntegratedComponent:63 - No mode defined for component null
2023-09-22 14:59:27,333 [WARN] ModelIntegratedComponent:63 - No mode defined for component null
2023-09-22 14:59:27,333 [WARN] ModelIntegratedComponent:63 - No mode defined for component null
2023-09-22 14:59:27,333 [WARN] ModelIntegratedComponent:63 - No mode defined for component null
2023-09-22 14:59:27,333 [WARN] ModelIntegratedComponent:63 - No mode defined for component null
2023-09-22 14:59:27,333 [WARN] ModelIntegratedComponent:63 - No mode defined for component null
2023-09-22 14:59:27,333 [WARN] ModelIntegratedComponent:63 - No mode defined for component null
2023-09-22 14:59:27,334 [WARN] ModelIntegratedComponent:63 - No mode defined for component null
2023-09-22 14:59:27,334 [WARN] ModelIntegratedComponent:63 - No mode defined for component null
2023-09-22 14:59:27,365 [INFO] ThirdPartyModel:298 - Start build external matchings
2023-09-22 14:59:27,841 [INFO] ThirdPartyModel:316 - End build external matchings
2023-09-22 14:59:28,109 [INFO] UtilMem:75 - End LoadConfig() Used Memory: 153559216 Bytes (268435456)
2023-09-22 14:59:28,388 [INFO] ApiDb:581 - Connected to CubeFinder SQLite database (C:\Users\Acer\.stmcufinder\plugins\mcufinder\mcu\cube-finder-db.db)
2023-09-22 14:59:28,501 [INFO] ApiDb:668 - CubeFinder database Data Model version=2.1
2023-09-22 14:59:28,502 [INFO] ApiDb:669 - CubeFinder database Configuration version=3.0.37
2023-09-22 14:59:28,502 [INFO] ApiDb:670 - CubeFinder database generation date=2023-08-09 (1691586011)
2023-09-22 14:59:28,503 [INFO] ApiDb:671 - CubeFinder database FW Pack versions=[FP-ATR-ASTRA1_V2.0.0, FP-SNS-FLIGHT1_V5.0.1, FP-SNS-FLIGHT1_V5.0.2, FP-SNS-MOTENV1_V4.3.1, FP-SNS-MOTENV1_V4.3.2, STM32Cube_FW_C0_V1.1.0, STM32Cube_FW_F4_V1.27.1, STM32Cube_FW_F7_V1.17.0, STM32Cube_FW_G0_V1.6.1, STM32Cube_FW_G4_V1.5.1, STM32Cube_FW_H5_V0.5.1, STM32Cube_FW_H5_V1.1.0, STM32Cube_FW_H7_V1.11.0, STM32Cube_FW_L0_V1.12.2, STM32Cube_FW_L5_V1.5.0, STM32Cube_FW_U5_V1.3.0, STM32Cube_FW_U5_V1.3.0RC4, STM32Cube_FW_WBA_V1.0.0RC1, STM32Cube_FW_WBA_V1.1.0, STM32Cube_FW_WBA_V1.1.0RC1, STM32Cube_FW_WB_V1.15.0RC1, STM32Cube_FW_WB_V1.16.0, STM32Cube_FW_WB_V1.16.0RC2, STM32Cube_FW_WB_V1.17.0, STM32Cube_FW_WL_V1.3.0, X-CUBE-ALGOBUILD_V1.3.0, X-CUBE-ALS_V1.0.1, X-CUBE-AZRTOS-F4_V1.1.0, X-CUBE-AZRTOS-F7_V1.1.0, X-CUBE-AZRTOS-G0_V1.1.0, X-CUBE-AZRTOS-G4_V2.0.0, X-CUBE-AZRTOS-H7_V3.1.0, X-CUBE-AZRTOS-L4_V1.0.0, X-CUBE-AZRTOS-L4_V2.0.0, X-CUBE-AZRTOS-L5_V1.1.0, X-CUBE-AZRTOS-WB_V1.1.0, X-CUBE-AZRTOS-WL_V2.0.0, X-CUBE-BLE1_V7.0.0, X-CUBE-BLE2_V3.3.0, X-CUBE-BLEMGR_V2.0.0, X-CUBE-EEPRMA1_V4.1.0, X-CUBE-FREERTOS_V1.1.0, X-CUBE-GNSS1_V6.0.0, X-CUBE-MEMS1_V9.1.0, X-CUBE-MEMS1_V9.4.0, X-CUBE-MEMS1_V9.6.0, X-CUBE-NFC4_V3.0.0, X-CUBE-NFC7_V1.0.0, X-CUBE-SFXS2LP1_V4.0.0, X-CUBE-SUBG2_V5.0.0, X-CUBE-TOF1_V3.3.1]
2023-09-22 14:59:31,867 [INFO] ApiDb:240 - Found 297 in-development CPN: [B-G473E-ZEST1S, B-WB1M-WPAN1, B-WL5M-SUBG1, NUCLEO-C031C6, NUCLEO-H503RB, NUCLEO-H563ZI, NUCLEO-U545RE-Q, NUCLEO-U5A5ZJ-Q, NUCLEO-WBA52CG, STEVAL-PROTEUS1, STEVAL-STWINBX1, STM320518-EVAL, STM32C0116-DK, STM32C011D6Y3TR, STM32C011D6Y6TR, STM32C011F4P3, STM32C011F4P6, STM32C011F4U3, STM32C011F4U6TR, STM32C011F6P3, STM32C011F6P6, STM32C011F6U3, STM32C011F6U6TR, STM32C011J4M3, STM32C011J4M6, STM32C011J6M3, STM32C011J6M6, STM32C0316-DK, STM32C031C4T3, STM32C031C4T6, STM32C031C4U3, STM32C031C4U6, STM32C031C6T3, STM32C031C6T6, STM32C031C6U3, STM32C031C6U6, STM32C031F4P3, STM32C031F4P6, STM32C031F6P3, STM32C031F6P6, STM32C031G4U3, STM32C031G4U6, STM32C031G6U3, STM32C031G6U6, STM32C031K4T3, STM32C031K4T6, STM32C031K4U3, STM32C031K4U6, STM32C031K6T3, STM32C031K6T6, STM32C031K6U3, STM32C031K6U6, STM32G071K8TXN, STM32G071K8UXN, STM32G081GBU6N, STM32G081KBT6N, STM32G081KBUXN, STM32G0B1CCT6N, STM32G0B1KCT6, STM32G0B1NEY6TR, STM32G0B1RCT6N, STM32G0C1CCT6, STM32G0C1CCT6N, STM32G0C1CCU6N, STM32G0C1CET6N, STM32G0C1CEU6N, STM32G0C1KCT6, STM32G0C1NEY6TR, STM32G0C1RCI6N, STM32G0C1RCT6N, STM32G0C1REI6N, STM32G0C1RET6N, STM32G0C1VCI6, STM32G0C1VEI6, STM32G471CCT6, STM32G471CCU6, STM32G471CET3, STM32G471CET6, STM32G471CEU3, STM32G471CEU6, STM32G471MCT6, STM32G471MET3, STM32G471MET6, STM32G471MEY6TR, STM32G471QCT6, STM32G471QET3, STM32G471RCT6, STM32G471RET3, STM32G471RET6, STM32G471VCH6, STM32G471VCI6, STM32G471VCT6, STM32G471VEH3, STM32G471VEH6, STM32G471VEI3, STM32G471VEI6, STM32G471VET3, STM32G471VET6, STM32G474CCT6, STM32H503CBT6, STM32H503CBU6, STM32H503EBY6TR, STM32H503KBU6, STM32H503RBT6, STM32H562AGI6, STM32H562AII6, STM32H562IGK6, STM32H562IGT6, STM32H562IIK6, STM32H562IIT6, STM32H562RGT6, STM32H562RGV6, STM32H562RIT6, STM32H562RIV6, STM32H562VGT6, STM32H562VIT6, STM32H562ZGT6, STM32H562ZIT6, STM32H563AGI6, STM32H563AII3Q, STM32H563AII6, STM32H563IGK6, STM32H563IGT6, STM32H563IIK3Q, STM32H563IIK6, STM32H563IIT3Q, STM32H563IIT6, STM32H563MIY3QTR, STM32H563RGT6, STM32H563RGV6, STM32H563RIT6, STM32H563RIV6, STM32H563VGT6, STM32H563VIT3Q, STM32H563VIT6, STM32H563ZGT6, STM32H563ZIT3Q, STM32H563ZIT6, STM32H573AII3Q, STM32H573AII6, STM32H573I-DK, STM32H573IIK3Q, STM32H573IIK6, STM32H573IIT3Q, STM32H573IIT6, STM32H573MIY3QTR, STM32H573RIT6, STM32H573RIV6, STM32H573VIT3Q, STM32H573VIT6, STM32H573ZIT3Q, STM32H573ZIT6, STM32L4R5QGI6STR, STM32MP131AAE3, STM32MP131AAF3, STM32MP131AAG3, STM32MP131CAE3, STM32MP131CAF3, STM32MP131CAG3, STM32MP131DAE7, STM32MP131DAF7, STM32MP131DAG7, STM32MP131FAE7, STM32MP131FAF7, STM32MP131FAG7, STM32MP133AAE3, STM32MP133AAF3, STM32MP133AAG3, STM32MP133CAE3, STM32MP133CAF3, STM32MP133CAG3, STM32MP133DAE7, STM32MP133DAF7, STM32MP133DAG7, STM32MP133FAE7, STM32MP133FAF7, STM32MP133FAG7, STM32MP135AAE3, STM32MP135AAF3, STM32MP135AAG3, STM32MP135CAE3, STM32MP135CAF3, STM32MP135CAG3, STM32MP135DAE7, STM32MP135DAF7, STM32MP135DAG7, STM32MP135F-DK, STM32MP135FAE7, STM32MP135FAF7, STM32MP135FAF7T, STM32MP135FAF7U, STM32MP135FAG7, STM32U535CBT6, STM32U535CBT6Q, STM32U535CBU6, STM32U535CBU6Q, STM32U535CCT6, STM32U535CCT6Q, STM32U535CCU6, STM32U535CCU6Q, STM32U535CET6, STM32U535CET6Q, STM32U535CEU6, STM32U535CEU6Q, STM32U535JEY6QTR, STM32U535NCY6QTR, STM32U535NEY6QTR, STM32U535RBI6, STM32U535RBI6Q, STM32U535RBT6, STM32U535RBT6Q, STM32U535RCI6, STM32U535RCI6Q, STM32U535RCT6, STM32U535RCT6Q, STM32U535REI6, STM32U535REI6Q, STM32U535RET6, STM32U535RET6Q, STM32U535VCI6, STM32U535VCI6Q, STM32U535VCT6, STM32U535VCT6Q, STM32U535VEI6, STM32U535VEI6Q, STM32U535VET6, STM32U535VET6Q, STM32U545CET6, STM32U545CET6Q, STM32U545CEU6, STM32U545CEU6Q, STM32U545JEY6QTR, STM32U545NEY6QTR, STM32U545REI6, STM32U545REI6Q, STM32U545RET6, STM32U545RET6Q, STM32U545VEI6, STM32U545VEI6Q, STM32U545VET6, STM32U545VET6Q, STM32U595AIH6, STM32U595AIH6Q, STM32U595AJH6, STM32U595AJH6Q, STM32U595QII6, STM32U595QII6Q, STM32U595QJI6, STM32U595QJI6Q, STM32U595RIT6, STM32U595RIT6Q, STM32U595RJT6, STM32U595RJT6Q, STM32U595VIT6, STM32U595VIT6Q, STM32U595VJT6, STM32U595VJT6Q, STM32U595ZIT6, STM32U595ZIT6Q, STM32U595ZIY6QTR, STM32U595ZJT6, STM32U595ZJT6Q, STM32U595ZJY6QTR, STM32U599BJY6QTR, STM32U599NIH6Q, STM32U599NJH6Q, STM32U599VIT6Q, STM32U599VJT6, STM32U599VJT6Q, STM32U599ZIT6Q, STM32U599ZIY6QTR, STM32U599ZJT6Q, STM32U599ZJY6QTR, STM32U5A5AJH6, STM32U5A5AJH6Q, STM32U5A5QJI6, STM32U5A5QJI6Q, STM32U5A5RJT6, STM32U5A5RJT6Q, STM32U5A5VJT6, STM32U5A5VJT6Q, STM32U5A5ZJT6, STM32U5A5ZJT6Q, STM32U5A5ZJY6QTR, STM32U5A9BJY6QTR, STM32U5A9J-DK, STM32U5A9NJH6Q, STM32U5A9VJT6Q, STM32U5A9ZJT6Q, STM32U5A9ZJY6QTR, STM32WB1MMCH6, STM32WBA52CEU6, STM32WBA52CEU6T, STM32WBA52CGU6, STM32WBA52CGU6T, STM32WL5MOCH6, STM32WL5MOCH6TR]
2023-09-22 14:59:31,872 [INFO] DbMcus:216 - Found 3825 MCUs, 3825 are supported
2023-09-22 14:59:31,876 [INFO] ApiDb:423 - Load user favorites file C:\Users\Acer/.stm32cubeide/favorites.mcus.txt: 0 item(s)
2023-09-22 14:59:31,876 [INFO] ApiDb:427 - User favorites MCUs=[]
2023-09-22 14:59:31,876 [INFO] DbMcus:222 - Set 0 / 0 favorites MCUs
2023-09-22 14:59:32,327 [WARN] ThirdParty:833 - waiting for thirdparty lock release [change project]
2023-09-22 14:59:32,327 [INFO] ThirdParty:835 - entering critical section [change project]
2023-09-22 14:59:32,328 [INFO] ThirdParty:1030 - CMSIS Pack Vendor :STMicroelectronics X-CUBE-ISPU 1.1.0
2023-09-22 14:59:32,328 [INFO] ThirdParty:1030 - CMSIS Pack Vendor :STMicroelectronics X-CUBE-GNSS1 6.0.0
2023-09-22 14:59:32,328 [INFO] ThirdParty:1030 - CMSIS Pack Vendor :STMicroelectronics USB_HOST 2.0.0
2023-09-22 14:59:32,328 [INFO] ThirdParty:1030 - CMSIS Pack Vendor :STMicroelectronics X-CUBE-AZRTOS-F4 1.1.0
2023-09-22 14:59:32,328 [INFO] ThirdParty:1030 - CMSIS Pack Vendor :STMicroelectronics LIBJPEG 8.0.0
2023-09-22 14:59:32,328 [INFO] ThirdParty:1030 - CMSIS Pack Vendor :STMicroelectronics X-CUBE-SMBUS 2.1.0
2023-09-22 14:59:32,328 [INFO] ThirdParty:1030 - CMSIS Pack Vendor :wolfSSL I-CUBE-wolfSSL 5.6.0
2023-09-22 14:59:32,328 [INFO] ThirdParty:1030 - CMSIS Pack Vendor :STMicroelectronics USB_DEVICE 3.0.0
2023-09-22 14:59:32,328 [INFO] ThirdParty:1030 - CMSIS Pack Vendor :STMicroelectronics X-CUBE-AZRTOS-WB 2.0.0
2023-09-22 14:59:32,328 [INFO] ThirdParty:1030 - CMSIS Pack Vendor :STMicroelectronics X-CUBE-FREERTOS 1.0.1
2023-09-22 14:59:32,328 [INFO] ThirdParty:1030 - CMSIS Pack Vendor :STMicroelectronics X-CUBE-AZRTOS-F7 1.1.0
2023-09-22 14:59:32,328 [INFO] ThirdParty:1030 - CMSIS Pack Vendor :STMicroelectronics X-CUBE-TOUCHGFX 4.21.4
2023-09-22 14:59:32,328 [INFO] ThirdParty:1030 - CMSIS Pack Vendor :STMicroelectronics X-CUBE-AZRTOS-L5 2.0.0
2023-09-22 14:59:32,329 [INFO] ThirdParty:1030 - CMSIS Pack Vendor :STMicroelectronics USB_DEVICE 2.0.0
2023-09-22 14:59:32,329 [INFO] ThirdParty:1030 - CMSIS Pack Vendor :STMicroelectronics X-CUBE-MEMS1 9.6.0
2023-09-22 14:59:32,329 [INFO] ThirdParty:1030 - CMSIS Pack Vendor :STMicroelectronics FP-SNS-MOTENV1 4.3.2
2023-09-22 14:59:32,329 [INFO] ThirdParty:1030 - CMSIS Pack Vendor :STMicroelectronics FP-SNS-MOTENV1 4.3.1
2023-09-22 14:59:32,329 [INFO] ThirdParty:1030 - CMSIS Pack Vendor :STMicroelectronics FP-SNS-FLIGHT1 5.0.1
2023-09-22 14:59:32,329 [INFO] ThirdParty:1030 - CMSIS Pack Vendor :STMicroelectronics X-CUBE-ALGOBUILD 1.3.0
2023-09-22 14:59:32,329 [INFO] ThirdParty:1030 - CMSIS Pack Vendor :STMicroelectronics X-CUBE-BLE1 6.2.4
2023-09-22 14:59:32,329 [INFO] ThirdParty:1030 - CMSIS Pack Vendor :STMicroelectronics X-CUBE-AZRTOS-L5 1.1.0
2023-09-22 14:59:32,329 [INFO] ThirdParty:1030 - CMSIS Pack Vendor :STMicroelectronics FreeRTOS 0.0.1
2023-09-22 14:59:32,329 [INFO] ThirdParty:1030 - CMSIS Pack Vendor :STMicroelectronics X-CUBE-AZRTOS-G0 1.1.0
2023-09-22 14:59:32,329 [INFO] ThirdParty:1030 - CMSIS Pack Vendor :emotas I-CUBE-CANOPEN 1.1.3
2023-09-22 14:59:32,329 [INFO] ThirdParty:1030 - CMSIS Pack Vendor :STMicroelectronics X-CUBE-BLEMGR 2.0.0
2023-09-22 14:59:32,329 [INFO] ThirdParty:1030 - CMSIS Pack Vendor :STMicroelectronics X-CUBE-AI 8.0.1
2023-09-22 14:59:32,329 [INFO] ThirdParty:1030 - CMSIS Pack Vendor :STMicroelectronics X-CUBE-NFC4 3.0.0
2023-09-22 14:59:32,329 [INFO] ThirdParty:1030 - CMSIS Pack Vendor :STMicroelectronics X-CUBE-SUBG2 5.0.0
2023-09-22 14:59:32,329 [INFO] ThirdParty:1030 - CMSIS Pack Vendor :STMicroelectronics STM32_WPAN 1.0.0
2023-09-22 14:59:32,330 [INFO] ThirdParty:1030 - CMSIS Pack Vendor :STMicroelectronics lwIP 2.0.3
2023-09-22 14:59:32,330 [INFO] ThirdParty:1030 - CMSIS Pack Vendor :STMicroelectronics FP-SNS-FLIGHT1 5.0.2
2023-09-22 14:59:32,330 [INFO] ThirdParty:1030 - CMSIS Pack Vendor :STMicroelectronics USB_HOST 1.0.0
2023-09-22 14:59:32,330 [INFO] ThirdParty:1030 - CMSIS Pack Vendor :STMicroelectronics X-CUBE-TOF1 3.3.1
2023-09-22 14:59:32,330 [INFO] ThirdParty:1030 - CMSIS Pack Vendor :STMicroelectronics X-CUBE-AZRTOS-G4 2.0.0
2023-09-22 14:59:32,330 [INFO] ThirdParty:1030 - CMSIS Pack Vendor :STMicroelectronics PDM2PCM 3.1.0
2023-09-22 14:59:32,330 [INFO] ThirdParty:1030 - CMSIS Pack Vendor :STMicroelectronics X-CUBE-AZRTOS-H7 3.1.0
2023-09-22 14:59:32,330 [INFO] ThirdParty:1030 - CMSIS Pack Vendor :STMicroelectronics X-CUBE-TOF1 3.3.0
2023-09-22 14:59:32,330 [INFO] ThirdParty:1030 - CMSIS Pack Vendor :STMicroelectronics PDM2PCM 3.3.0
2023-09-22 14:59:32,330 [INFO] ThirdParty:1030 - CMSIS Pack Vendor :STMicroelectronics X-CUBE-DISPLAY 3.0.0
2023-09-22 14:59:32,330 [INFO] ThirdParty:1030 - CMSIS Pack Vendor :STMicroelectronics X-CUBE-BLE1 7.0.0
2023-09-22 14:59:32,330 [INFO] ThirdParty:1030 - CMSIS Pack Vendor :STMicroelectronics FP-ATR-SIGFOX1 3.2.0
2023-09-22 14:59:32,330 [INFO] ThirdParty:1030 - CMSIS Pack Vendor :STMicroelectronics HAL Drivers 0.0.0
2023-09-22 14:59:32,330 [INFO] ThirdParty:1030 - CMSIS Pack Vendor :STMicroelectronics MBEDTLS 2.16.2
2023-09-22 14:59:32,330 [INFO] ThirdParty:1030 - CMSIS Pack Vendor :STMicroelectronics X-CUBE-FREERTOS 1.1.0
2023-09-22 14:59:32,331 [INFO] ThirdParty:1030 - CMSIS Pack Vendor :STMicroelectronics X-CUBE-TOUCHGFX 4.22.0
2023-09-22 14:59:32,331 [INFO] ThirdParty:1030 - CMSIS Pack Vendor :STMicroelectronics X-CUBE-NFC7 1.0.1
2023-09-22 14:59:32,331 [INFO] ThirdParty:1030 - CMSIS Pack Vendor :STMicroelectronics MBEDTLS 2.14.1
2023-09-22 14:59:32,332 [INFO] ThirdParty:1030 - CMSIS Pack Vendor :STMicroelectronics X-CUBE-NFC7 1.0.0
2023-09-22 14:59:32,332 [INFO] ThirdParty:1030 - CMSIS Pack Vendor :STMicroelectronics X-CUBE-EEPRMA1 4.1.0
2023-09-22 14:59:32,332 [INFO] ThirdParty:1030 - CMSIS Pack Vendor :portGmbH I-Cube-SoM-uGOAL 1.1.0
2023-09-22 14:59:32,332 [INFO] ThirdParty:1030 - CMSIS Pack Vendor :STMicroelectronics X-CUBE-ALS 1.0.1
2023-09-22 14:59:32,332 [INFO] ThirdParty:1030 - CMSIS Pack Vendor :STMicroelectronics ThreadX 1.0.0
2023-09-22 14:59:32,332 [INFO] ThirdParty:1030 - CMSIS Pack Vendor :STMicroelectronics X-CUBE-AZRTOS-WB 1.1.0
2023-09-22 14:59:32,332 [INFO] ThirdParty:1030 - CMSIS Pack Vendor :SEGGER I-CUBE-embOS 1.3.1
2023-09-22 14:59:32,332 [INFO] ThirdParty:1030 - CMSIS Pack Vendor :STMicroelectronics USB_DEVICE 1.0.0
2023-09-22 14:59:32,333 [INFO] ThirdParty:1030 - CMSIS Pack Vendor :STMicroelectronics X-CUBE-AI 8.1.0
2023-09-22 14:59:32,333 [INFO] ThirdParty:1030 - CMSIS Pack Vendor :STMicroelectronics X-CUBE-AZRTOS-L4 2.0.0
2023-09-22 14:59:32,333 [INFO] ThirdParty:1030 - CMSIS Pack Vendor :STMicroelectronics ThreadX 0.0.2
2023-09-22 14:59:32,333 [INFO] ThirdParty:1030 - CMSIS Pack Vendor :WES I-CUBE-Cesium 1.3.0
2023-09-22 14:59:32,333 [INFO] ThirdParty:1030 - CMSIS Pack Vendor :STMicroelectronics FP-ATR-ASTRA1 2.0.0
2023-09-22 14:59:32,333 [INFO] ThirdParty:1030 - CMSIS Pack Vendor :STMicroelectronics lwIP 2.1.2
2023-09-22 14:59:32,333 [INFO] ThirdParty:1030 - CMSIS Pack Vendor :STMicroelectronics X-CUBE-SFXS2LP1 4.0.0
2023-09-22 14:59:32,333 [INFO] ThirdParty:1030 - CMSIS Pack Vendor :STMicroelectronics X-CUBE-BLE2 3.3.0
2023-09-22 14:59:32,333 [INFO] ThirdParty:1030 - CMSIS Pack Vendor :STMicroelectronics PDM2PCM 3.2.0
2023-09-22 14:59:32,333 [INFO] ThirdParty:841 - exiting critical section [change project]
2023-09-22 14:59:32,824 [INFO] PinOutPanel:1499 - setPackage(No Configuration,No Configuration)
2023-09-22 14:59:32,826 [INFO] PinOutPanel:1499 - setPackage(STM32F103C6Tx,LQFP48)
2023-09-22 14:59:33,660 [INFO] UtilMem:75 - Before build in PCC Used Memory: 191672032 Bytes (286261248)
2023-09-22 14:59:34,961 [INFO] UtilMem:75 - After build in PCC Used Memory: 185316432 Bytes (286261248)
2023-09-22 14:59:35,007 [INFO] IPUIPlugin:80 - create IPUIPlugin
2023-09-22 14:59:35,008 [INFO] IPUIPlugin:80 - create IPUIPlugin
2023-09-22 14:59:35,008 [INFO] IPUIPlugin:80 - create IPUIPlugin
2023-09-22 14:59:35,009 [INFO] IPUIPlugin:80 - create IPUIPlugin
2023-09-22 14:59:35,009 [INFO] IPUIPlugin:80 - create IPUIPlugin
2023-09-22 14:59:35,009 [INFO] IPUIPlugin:80 - create IPUIPlugin
2023-09-22 14:59:35,009 [INFO] IPUIPlugin:80 - create IPUIPlugin
2023-09-22 14:59:35,011 [INFO] IPUIPlugin:80 - create IPUIPlugin
2023-09-22 14:59:35,012 [INFO] IPUIPlugin:80 - create IPUIPlugin
2023-09-22 14:59:35,012 [INFO] IPUIPlugin:80 - create IPUIPlugin
2023-09-22 14:59:35,012 [INFO] IPUIPlugin:80 - create IPUIPlugin
2023-09-22 14:59:35,013 [INFO] IPUIPlugin:80 - create IPUIPlugin
2023-09-22 14:59:35,013 [INFO] IPUIPlugin:80 - create IPUIPlugin
2023-09-22 14:59:35,013 [INFO] IPUIPlugin:80 - create IPUIPlugin
2023-09-22 14:59:35,014 [INFO] IPUIPlugin:80 - create IPUIPlugin
2023-09-22 14:59:35,014 [INFO] IPUIPlugin:80 - create IPUIPlugin
2023-09-22 14:59:35,015 [INFO] IPUIPlugin:80 - create IPUIPlugin
2023-09-22 14:59:35,015 [INFO] IPUIPlugin:80 - create IPUIPlugin
2023-09-22 14:59:35,015 [INFO] IPUIPlugin:80 - create IPUIPlugin
2023-09-22 14:59:35,016 [INFO] IPUIPlugin:80 - create IPUIPlugin
2023-09-22 14:59:35,016 [INFO] IPUIPlugin:80 - create IPUIPlugin
2023-09-22 14:59:35,017 [INFO] IPUIPlugin:80 - create IPUIPlugin
2023-09-22 14:59:35,017 [INFO] IPUIPlugin:80 - create IPUIPlugin
2023-09-22 14:59:35,354 [INFO] CADModel:165 - CPN selected for project levelSTM32F103C6T6A
2023-09-22 14:59:35,355 [INFO] CADModel:114 - Register for checkConnection events
2023-09-22 14:59:35,423 [INFO] OpenFileManager:328 - Restore cursor
2023-09-22 15:00:18,909 [INFO] NvicIntPanel:101 - NVIC parent = com.st.microxplorer.plugins.ip.nvic.MultiNvicIntPanel[,0,0,0x0,invalid,layout=javax.swing.BoxLayout,alignmentX=0.0,alignmentY=0.0,border=,flags=9,maximumSize=,minimumSize=,preferredSize=]
2023-09-22 15:00:21,452 [INFO] NvicIntPanel:101 - NVIC parent = com.st.microxplorer.plugins.ip.nvic.MultiNvicIntPanel[,0,0,0x0,invalid,layout=javax.swing.BoxLayout,alignmentX=0.0,alignmentY=0.0,border=,flags=9,maximumSize=,minimumSize=,preferredSize=]
2023-09-22 15:00:32,070 [INFO] DmaTabbedPanel:205 - Cannot restore the selected Tab for DMA
2023-09-22 15:00:32,606 [INFO] Gpio:273 - dependency for GPIO []
2023-09-22 15:00:36,073 [INFO] Gpio:273 - dependency for GPIO []
2023-09-22 15:00:36,133 [INFO] NvicIntPanel:101 - NVIC parent = com.st.microxplorer.plugins.ip.nvic.MultiNvicIntPanel[,0,0,0x0,invalid,layout=javax.swing.BoxLayout,alignmentX=0.0,alignmentY=0.0,border=,flags=9,maximumSize=,minimumSize=,preferredSize=]
2023-09-22 15:00:43,342 [INFO] NvicIntPanel:101 - NVIC parent = com.st.microxplorer.plugins.ip.nvic.MultiNvicIntPanel[,0,0,0x0,invalid,layout=javax.swing.BoxLayout,alignmentX=0.0,alignmentY=0.0,border=,flags=9,maximumSize=,minimumSize=,preferredSize=]
2023-09-22 15:00:58,307 [INFO] UtilMem:75 - End SaveConfig() Used Memory: 525335256 Bytes (541065216)
2023-09-22 15:00:59,674 [INFO] UtilMem:75 - End SaveConfig() Used Memory: 511233192 Bytes (541065216)
2023-09-22 15:01:07,570 [INFO] UtilMem:75 - End SaveConfig() Used Memory: 539168304 Bytes (565182464)
2023-09-22 15:01:08,951 [INFO] BlockDiagram:2759 - set Specific Code input for plugin: NVIC
2023-09-22 15:01:08,952 [INFO] BlockDiagram:2759 - set Specific Code input for plugin: GPIO
2023-09-22 15:01:08,952 [INFO] BlockDiagram:2759 - set Specific Code input for plugin: RCC
2023-09-22 15:01:08,953 [INFO] BlockDiagram:2759 - set Specific Code input for plugin: TIM1_8F1
2023-09-22 15:01:08,956 [INFO] CodeGenerator:793 - code generatio: config db path: C:\Users\Acer\Desktop\DHBK\HK5\VXL\STM32\STM32CubeIDE_1.12.1\STM32CubeIDE\plugins\com.st.stm32cube.common.mx_6.8.1.202304191431\\db\
2023-09-22 15:01:09,774 [INFO] CodeEngine:255 - oldGeneratedFile, C:\Users\Acer\Desktop\DHBK\HK5\VXL\STM32\lab\lab_2\ex_1\MXTmpFiles\license.tmp_save
2023-09-22 15:01:10,574 [INFO] CodeEngine:279 - Generated code: C:\Users\Acer\Desktop\DHBK\HK5\VXL\STM32\lab\lab_2\ex_1\MXTmpFiles\license.tmp
2023-09-22 15:01:10,777 [INFO] CodeEngine:255 - oldGeneratedFile, C:\Users\Acer\Desktop\DHBK\HK5\VXL\STM32\lab\lab_2\ex_1\MXTmpFiles\gpio.tmp_save
2023-09-22 15:01:11,008 [INFO] CodeEngine:279 - Generated code: C:\Users\Acer\Desktop\DHBK\HK5\VXL\STM32\lab\lab_2\ex_1\MXTmpFiles\gpio.tmp
2023-09-22 15:01:11,282 [INFO] CodeEngine:255 - oldGeneratedFile, C:\Users\Acer\Desktop\DHBK\HK5\VXL\STM32\lab\lab_2\ex_1\Core\Src\stm32f1xx_it.c_save
2023-09-22 15:01:11,578 [INFO] CodeEngine:279 - Generated code: C:\Users\Acer\Desktop\DHBK\HK5\VXL\STM32\lab\lab_2\ex_1\Core\Src\stm32f1xx_it.c
2023-09-22 15:01:11,620 [INFO] CodeEngine:255 - oldGeneratedFile, C:\Users\Acer\Desktop\DHBK\HK5\VXL\STM32\lab\lab_2\ex_1\Core\Inc\stm32f1xx_it.h_save
2023-09-22 15:01:11,805 [INFO] CodeEngine:279 - Generated code: C:\Users\Acer\Desktop\DHBK\HK5\VXL\STM32\lab\lab_2\ex_1\Core\Inc\stm32f1xx_it.h
2023-09-22 15:01:11,892 [INFO] CodeEngine:255 - oldGeneratedFile, C:\Users\Acer\Desktop\DHBK\HK5\VXL\STM32\lab\lab_2\ex_1\Core\Src\stm32f1xx_hal_msp.c_save
2023-09-22 15:01:12,194 [INFO] CodeEngine:279 - Generated code: C:\Users\Acer\Desktop\DHBK\HK5\VXL\STM32\lab\lab_2\ex_1\Core\Src\stm32f1xx_hal_msp.c
2023-09-22 15:01:12,229 [INFO] CodeEngine:255 - oldGeneratedFile, C:\Users\Acer\Desktop\DHBK\HK5\VXL\STM32\lab\lab_2\ex_1\MXTmpFiles\system.tmp_save
2023-09-22 15:01:12,391 [INFO] CodeEngine:279 - Generated code: C:\Users\Acer\Desktop\DHBK\HK5\VXL\STM32\lab\lab_2\ex_1\MXTmpFiles\system.tmp
2023-09-22 15:01:12,455 [INFO] CodeEngine:311 - oldGeneratedFile, C:\Users\Acer\Desktop\DHBK\HK5\VXL\STM32\lab\lab_2\ex_1\Core\Inc\stm32f1xx_hal_conf.h_save
2023-09-22 15:01:12,710 [INFO] CodeEngine:335 - Generated code: C:\Users\Acer\Desktop\DHBK\HK5\VXL\STM32\lab\lab_2\ex_1\Core\Inc\stm32f1xx_hal_conf.h
2023-09-22 15:01:12,782 [WARN] IPConfigManager:3431 - IP not found : TIM
2023-09-22 15:01:12,839 [WARN] CodeGenerator:3754 - IP not found : null
2023-09-22 15:01:12,885 [INFO] CodeEngine:255 - oldGeneratedFile, C:\Users\Acer\Desktop\DHBK\HK5\VXL\STM32\lab\lab_2\ex_1\Core\Inc\main.h_save
2023-09-22 15:01:13,134 [INFO] CodeEngine:279 - Generated code: C:\Users\Acer\Desktop\DHBK\HK5\VXL\STM32\lab\lab_2\ex_1\Core\Inc\main.h
2023-09-22 15:01:13,246 [INFO] CodeEngine:255 - oldGeneratedFile, C:\Users\Acer\Desktop\DHBK\HK5\VXL\STM32\lab\lab_2\ex_1\Core\Src\main.c_save
2023-09-22 15:01:13,608 [INFO] CodeEngine:279 - Generated code: C:\Users\Acer\Desktop\DHBK\HK5\VXL\STM32\lab\lab_2\ex_1\Core\Src\main.c
2023-09-22 15:01:14,908 [INFO] ProjectBuilder:2996 - Time for Copy HAL[1] : 360mS.
2023-09-22 15:01:14,993 [INFO] ProjectBuilder:4304 - Project Generator version: 3.19.2
2023-09-22 15:01:15,897 [INFO] ConfigFileManager:1483 - The Die is : DIE412
2023-09-22 15:01:15,930 [INFO] ApiDbMcu:507 - Load IP Config File for FATFS
2023-09-22 15:01:15,949 [INFO] ApiDbMcu:507 - Load IP Config File for FREERTOS
2023-09-22 15:01:15,970 [INFO] ApiDbMcu:507 - Load IP Config File for USB_DEVICE
2023-09-22 15:01:19,325 [INFO] LogOutputStream:77 - [STDOUT_REDIRECT] 
2023-09-22 15:01:23,351 [INFO] ProjectBuilder:4505 - Time for Generating toolchain IDE Files: 8357mS.
2023-09-22 15:01:23,354 [INFO] ProjectBuilder:2867 - Time for Copy CMSIS : 2mS.
2023-09-22 15:01:23,362 [INFO] ProjectBuilder:2867 - Time for Copy CMSIS : 1mS.
2023-09-22 15:24:55,996 [ERROR] AdobePublisher:162 - Exception while opening the connection: java.net.SocketTimeoutException: Read timed out
